[ 2020-07-22T17:04:32+08:00 ] ::1 /Evo/xxjzWeb-master/
INFO: [ app_init ] --START--
INFO: Run Behavior\BuildLiteBehavior [ RunTime:0.000016s ]
INFO: [ app_init ] --END-- [ RunTime:0.003228s ]
INFO: [ app_begin ] --START--
INFO: Run Behavior\ReadHtmlCacheBehavior [ RunTime:0.003907s ]
INFO: [ app_begin ] --END-- [ RunTime:0.004030s ]

[ 2020-07-22T17:04:33+08:00 ] ::1 /Evo/xxjzWeb-master/index.php?s=/Home/Login/index.html
INFO: [ app_init ] --START--
INFO: Run Behavior\BuildLiteBehavior [ RunTime:0.000013s ]
INFO: [ app_init ] --END-- [ RunTime:0.000835s ]
INFO: [ app_begin ] --START--
INFO: Run Behavior\ReadHtmlCacheBehavior [ RunTime:0.001636s ]
INFO: [ app_begin ] --END-- [ RunTime:0.001693s ]
INFO: [ view_parse ] --START--
INFO: [ template_filter ] --START--
INFO: Run Behavior\ContentReplaceBehavior [ RunTime:0.001737s ]
INFO: [ template_filter ] --END-- [ RunTime:0.001795s ]
INFO: Run Behavior\ParseTemplateBehavior [ RunTime:0.038533s ]
INFO: [ view_parse ] --END-- [ RunTime:0.038631s ]
INFO: [ view_filter ] --START--
INFO: Run Behavior\WriteHtmlCacheBehavior [ RunTime:0.004088s ]
INFO: [ view_filter ] --END-- [ RunTime:0.004140s ]
INFO: [ app_end ] --START--
INFO: Run Behavior\ShowPageTraceBehavior [ RunTime:0.002215s ]
INFO: [ app_end ] --END-- [ RunTime:0.002262s ]

[ 2020-07-22T17:04:42+08:00 ] ::1 /Evo/xxjzWeb-master/index.php?s=/Home/Login/index.html
INFO: [ app_init ] --START--
INFO: Run Behavior\BuildLiteBehavior [ RunTime:0.000012s ]
INFO: [ app_init ] --END-- [ RunTime:0.000719s ]
INFO: [ app_begin ] --START--
INFO: Run Behavior\ReadHtmlCacheBehavior [ RunTime:0.001533s ]
INFO: [ app_begin ] --END-- [ RunTime:0.001610s ]
SQL: SHOW COLUMNS FROM `xxjzuser` [ RunTime:0.0274s ]
SQL: SELECT * FROM `xxjzuser` WHERE `username` = 'admin' LIMIT 1   [ RunTime:0.0038s ]
NOTIC: [2] unlink(./Application/Runtime/Temp/e9c1b81678e0cb7d74bbb28751073562.php): No such file or directory Z:\xampp\htdocs\Evo\xxjzWeb-master\ThinkPHP\Library\Think\Cache\Driver\File.class.php 第 157 行.
NOTIC: [2] unlink(./Application/Runtime/Temp/25b836c4b97d69ef97a9ba2119f6ce1c.php): No such file or directory Z:\xampp\htdocs\Evo\xxjzWeb-master\ThinkPHP\Library\Think\Cache\Driver\File.class.php 第 157 行.
NOTIC: [2] unlink(./Application/Runtime/Temp/d08d9752770fa51261511f0be3e9801c.php): No such file or directory Z:\xampp\htdocs\Evo\xxjzWeb-master\ThinkPHP\Library\Think\Cache\Driver\File.class.php 第 157 行.
NOTIC: [2] unlink(./Application/Runtime/Temp/017e30ffba9d7590e7ed66bb780298ca.php): No such file or directory Z:\xampp\htdocs\Evo\xxjzWeb-master\ThinkPHP\Library\Think\Cache\Driver\File.class.php 第 157 行.
NOTIC: [2] unlink(./Application/Runtime/Temp/473015e926deccb8d3f0f62c5f1fab7a.php): No such file or directory Z:\xampp\htdocs\Evo\xxjzWeb-master\ThinkPHP\Library\Think\Cache\Driver\File.class.php 第 157 行.
NOTIC: [2] unlink(./Application/Runtime/Temp/39551e7974c4a6d8ce441728f1098ef2.php): No such file or directory Z:\xampp\htdocs\Evo\xxjzWeb-master\ThinkPHP\Library\Think\Cache\Driver\File.class.php 第 157 行.
NOTIC: [2] unlink(./Application/Runtime/Temp/f60e67711592bb779553190b81e3f2be.php): No such file or directory Z:\xampp\htdocs\Evo\xxjzWeb-master\ThinkPHP\Library\Think\Cache\Driver\File.class.php 第 157 行.

[ 2020-07-22T17:04:42+08:00 ] ::1 /Evo/xxjzWeb-master/index.php?s=/Home/Index/index.html
INFO: [ app_init ] --START--
INFO: Run Behavior\BuildLiteBehavior [ RunTime:0.000030s ]
INFO: [ app_init ] --END-- [ RunTime:0.003019s ]
INFO: [ app_begin ] --START--
INFO: Run Behavior\ReadHtmlCacheBehavior [ RunTime:0.003180s ]
INFO: [ app_begin ] --END-- [ RunTime:0.003251s ]
SQL: SHOW COLUMNS FROM `xxjzuser` [ RunTime:0.0490s ]
SQL: SELECT `password` FROM `xxjzuser` WHERE `username` = 'admin' LIMIT 1   [ RunTime:0.0066s ]
SQL: SHOW COLUMNS FROM `xxjzaccount` [ RunTime:0.0175s ]
NOTIC: [8] Undefined index: fid Z:\xampp\htdocs\Evo\xxjzWeb-master\Application\Home\Common\function.php 第 1363 行.
NOTIC: [8] Undefined index: acremark Z:\xampp\htdocs\Evo\xxjzWeb-master\Application\Home\Common\function.php 第 1366 行.
NOTIC: [8] Undefined index: starttime Z:\xampp\htdocs\Evo\xxjzWeb-master\Application\Home\Common\function.php 第 1369 行.
NOTIC: [8] Undefined index: endtime Z:\xampp\htdocs\Evo\xxjzWeb-master\Application\Home\Common\function.php 第 1373 行.
NOTIC: [8] Undefined index: acclassid Z:\xampp\htdocs\Evo\xxjzWeb-master\Application\Home\Common\function.php 第 1382 行.
NOTIC: [8] Undefined index: zhifu Z:\xampp\htdocs\Evo\xxjzWeb-master\Application\Home\Common\function.php 第 1385 行.
SQL: SELECT COUNT(*) AS tp_count FROM `xxjzaccount` WHERE `jiid` = 1 LIMIT 1   [ RunTime:0.0042s ]
NOTIC: [8] Undefined index: acremark Z:\xampp\htdocs\Evo\xxjzWeb-master\Application\Home\Common\function.php 第 1322 行.
NOTIC: [8] Undefined index: starttime Z:\xampp\htdocs\Evo\xxjzWeb-master\Application\Home\Common\function.php 第 1325 行.
NOTIC: [8] Undefined index: endtime Z:\xampp\htdocs\Evo\xxjzWeb-master\Application\Home\Common\function.php 第 1329 行.
SQL: SHOW COLUMNS FROM `xxjzaccount_transfer` [ RunTime:0.0139s ]
NOTIC: [8] Undefined index: fid Z:\xampp\htdocs\Evo\xxjzWeb-master\Application\Home\Common\function.php 第 1341 行.
SQL: SELECT COUNT(*) AS tp_count FROM xxjzaccount_transfer transfer LEFT JOIN xxjzaccount_funds AS funds ON funds.fundsid = transfer.source_fid  WHERE transfer.uid = '1' AND transfer.source_fid <> 0 LIMIT 1   [ RunTime:0.0073s ]
NOTIC: [8] Undefined index: acremark Z:\xampp\htdocs\Evo\xxjzWeb-master\Application\Home\Common\function.php 第 1322 行.
NOTIC: [8] Undefined index: starttime Z:\xampp\htdocs\Evo\xxjzWeb-master\Application\Home\Common\function.php 第 1325 行.
NOTIC: [8] Undefined index: endtime Z:\xampp\htdocs\Evo\xxjzWeb-master\Application\Home\Common\function.php 第 1329 行.
NOTIC: [8] Undefined index: fid Z:\xampp\htdocs\Evo\xxjzWeb-master\Application\Home\Common\function.php 第 1349 行.
SQL: SELECT COUNT(*) AS tp_count FROM xxjzaccount_transfer transfer LEFT JOIN xxjzaccount_funds AS funds ON funds.fundsid = transfer.target_fid  WHERE transfer.uid = '1' AND transfer.source_fid <> 0 LIMIT 1   [ RunTime:0.0003s ]
NOTIC: [8] Undefined index: zhifu Z:\xampp\htdocs\Evo\xxjzWeb-master\Application\Home\Common\function.php 第 1415 行.
NOTIC: [8] Undefined index: zhifu Z:\xampp\htdocs\Evo\xxjzWeb-master\Application\Home\Common\function.php 第 1417 行.
NOTIC: [8] Undefined index: fid Z:\xampp\htdocs\Evo\xxjzWeb-master\Application\Home\Common\function.php 第 335 行.
NOTIC: [8] Undefined index: acid Z:\xampp\htdocs\Evo\xxjzWeb-master\Application\Home\Common\function.php 第 338 行.
NOTIC: [8] Undefined index: acremark Z:\xampp\htdocs\Evo\xxjzWeb-master\Application\Home\Common\function.php 第 344 行.
NOTIC: [8] Undefined index: starttime Z:\xampp\htdocs\Evo\xxjzWeb-master\Application\Home\Common\function.php 第 347 行.
NOTIC: [8] Undefined index: endtime Z:\xampp\htdocs\Evo\xxjzWeb-master\Application\Home\Common\function.php 第 351 行.
NOTIC: [8] Undefined index: acclassid Z:\xampp\htdocs\Evo\xxjzWeb-master\Application\Home\Common\function.php 第 360 行.
SQL: SELECT SUM(acmoney) AS tp_Sum FROM `xxjzaccount` WHERE `jiid` = 1 AND `zhifu` = 1 LIMIT 1   [ RunTime:0.0002s ]
NOTIC: [8] Undefined index: fid Z:\xampp\htdocs\Evo\xxjzWeb-master\Application\Home\Common\function.php 第 335 行.
NOTIC: [8] Undefined index: acid Z:\xampp\htdocs\Evo\xxjzWeb-master\Application\Home\Common\function.php 第 338 行.
NOTIC: [8] Undefined index: acremark Z:\xampp\htdocs\Evo\xxjzWeb-master\Application\Home\Common\function.php 第 344 行.
NOTIC: [8] Undefined index: starttime Z:\xampp\htdocs\Evo\xxjzWeb-master\Application\Home\Common\function.php 第 347 行.
NOTIC: [8] Undefined index: endtime Z:\xampp\htdocs\Evo\xxjzWeb-master\Application\Home\Common\function.php 第 351 行.
NOTIC: [8] Undefined index: acclassid Z:\xampp\htdocs\Evo\xxjzWeb-master\Application\Home\Common\function.php 第 360 行.
SQL: SELECT SUM(acmoney) AS tp_Sum FROM `xxjzaccount` WHERE `jiid` = 1 AND `zhifu` = 2 LIMIT 1   [ RunTime:0.0002s ]
NOTIC: [8] Undefined index: acremark Z:\xampp\htdocs\Evo\xxjzWeb-master\Application\Home\Common\function.php 第 1322 行.
NOTIC: [8] Undefined index: starttime Z:\xampp\htdocs\Evo\xxjzWeb-master\Application\Home\Common\function.php 第 1325 行.
NOTIC: [8] Undefined index: endtime Z:\xampp\htdocs\Evo\xxjzWeb-master\Application\Home\Common\function.php 第 1329 行.
NOTIC: [8] Undefined index: fid Z:\xampp\htdocs\Evo\xxjzWeb-master\Application\Home\Common\function.php 第 1341 行.
NOTIC: [8] Undefined index: acremark Z:\xampp\htdocs\Evo\xxjzWeb-master\Application\Home\Common\function.php 第 1322 行.
NOTIC: [8] Undefined index: starttime Z:\xampp\htdocs\Evo\xxjzWeb-master\Application\Home\Common\function.php 第 1325 行.
NOTIC: [8] Undefined index: endtime Z:\xampp\htdocs\Evo\xxjzWeb-master\Application\Home\Common\function.php 第 1329 行.
NOTIC: [8] Undefined index: fid Z:\xampp\htdocs\Evo\xxjzWeb-master\Application\Home\Common\function.php 第 1349 行.
NOTIC: [8] Undefined index: fid Z:\xampp\htdocs\Evo\xxjzWeb-master\Application\Home\Common\function.php 第 1363 行.
NOTIC: [8] Undefined index: acremark Z:\xampp\htdocs\Evo\xxjzWeb-master\Application\Home\Common\function.php 第 1366 行.
NOTIC: [8] Undefined index: starttime Z:\xampp\htdocs\Evo\xxjzWeb-master\Application\Home\Common\function.php 第 1369 行.
NOTIC: [8] Undefined index: endtime Z:\xampp\htdocs\Evo\xxjzWeb-master\Application\Home\Common\function.php 第 1373 行.
NOTIC: [8] Undefined index: acclassid Z:\xampp\htdocs\Evo\xxjzWeb-master\Application\Home\Common\function.php 第 1382 行.
NOTIC: [8] Undefined index: zhifu Z:\xampp\htdocs\Evo\xxjzWeb-master\Application\Home\Common\function.php 第 1385 行.
SQL: SELECT account.acid as id,account.acmoney as money,account.acclassid as classid,class.classname as class,account.acremark as mark,account.actime as time,account.zhifu as typeid,case account.zhifu when 1 then '收入'  when 2 then '支出' end as type,account.fid as fundsid,funds.fundsname as funds,account.jiid as uid FROM xxjzaccount account LEFT JOIN xxjzaccount_funds AS funds ON funds.fundsid = account.fid LEFT JOIN xxjzaccount_class AS class ON class.classid = account.acclassid  WHERE account.jiid = '1' UNION SELECT transfer.tid,transfer.money,0,'转账',transfer.mark,transfer.time,2,'支出',transfer.source_fid,funds.fundsname as funds,transfer.uid FROM xxjzaccount_transfer transfer LEFT JOIN xxjzaccount_funds AS funds ON funds.fundsid = transfer.source_fid  WHERE transfer.uid = '1' AND transfer.source_fid <> 0  UNION SELECT transfer.tid,transfer.money,0,'转账',transfer.mark,transfer.time,1,'收入',transfer.target_fid,funds.fundsname as funds,transfer.uid FROM xxjzaccount_transfer transfer LEFT JOIN xxjzaccount_funds AS funds ON funds.fundsid = transfer.target_fid  WHERE transfer.uid = '1' AND transfer.source_fid <> 0  ORDER BY time DESC, id DESC LIMIT 0,15 [ RunTime:0.0133s ]
SQL: SELECT SUM(acmoney) AS tp_Sum FROM `xxjzaccount` WHERE ( actime >= 1595347200 and actime <= 1595433599 and jiid = '1' and zhifu = '1' ) LIMIT 1   [ RunTime:0.0004s ]
SQL: SELECT SUM(acmoney) AS tp_Sum FROM `xxjzaccount` WHERE ( actime >= 1595347200 and actime <= 1595433599 and jiid = '1' and zhifu = '2' ) LIMIT 1   [ RunTime:0.0004s ]
SQL: SELECT SUM(acmoney) AS tp_Sum FROM `xxjzaccount` WHERE ( actime >= 1593532800 and actime <= 1596124800 and jiid = '1' and zhifu = '1' ) LIMIT 1   [ RunTime:0.0004s ]
SQL: SELECT SUM(acmoney) AS tp_Sum FROM `xxjzaccount` WHERE ( actime >= 1593532800 and actime <= 1596124800 and jiid = '1' and zhifu = '2' ) LIMIT 1   [ RunTime:0.0002s ]
SQL: SELECT SUM(acmoney) AS tp_Sum FROM `xxjzaccount` WHERE ( actime >= 1577808000 and actime <= 1609344000 and jiid = '1' and zhifu = '1' ) LIMIT 1   [ RunTime:0.0002s ]
SQL: SELECT SUM(acmoney) AS tp_Sum FROM `xxjzaccount` WHERE ( actime >= 1577808000 and actime <= 1609344000 and jiid = '1' and zhifu = '2' ) LIMIT 1   [ RunTime:0.0002s ]
SQL: SELECT SUM(acmoney) AS tp_Sum FROM `xxjzaccount` WHERE ( actime >= 1594742400 and actime <= 1595433599 and jiid = '1' and zhifu = '1' ) LIMIT 1   [ RunTime:0.0003s ]
SQL: SELECT SUM(acmoney) AS tp_Sum FROM `xxjzaccount` WHERE ( actime >= 1594742400 and actime <= 1595433599 and jiid = '1' and zhifu = '2' ) LIMIT 1   [ RunTime:0.0004s ]
SQL: SELECT SUM(acmoney) AS tp_Sum FROM `xxjzaccount` WHERE ( actime >= 1592841600 and actime <= 1595433599 and jiid = '1' and zhifu = '1' ) LIMIT 1   [ RunTime:0.0002s ]
SQL: SELECT SUM(acmoney) AS tp_Sum FROM `xxjzaccount` WHERE ( actime >= 1592841600 and actime <= 1595433599 and jiid = '1' and zhifu = '2' ) LIMIT 1   [ RunTime:0.0002s ]
SQL: SELECT SUM(acmoney) AS tp_Sum FROM `xxjzaccount` WHERE ( actime >= 1590163200 and actime <= 1595433599 and jiid = '1' and zhifu = '1' ) LIMIT 1   [ RunTime:0.0002s ]
SQL: SELECT SUM(acmoney) AS tp_Sum FROM `xxjzaccount` WHERE ( actime >= 1590163200 and actime <= 1595433599 and jiid = '1' and zhifu = '2' ) LIMIT 1   [ RunTime:0.0002s ]
SQL: SELECT SUM(acmoney) AS tp_Sum FROM `xxjzaccount` WHERE ( actime >= 1587571200 and actime <= 1595433599 and jiid = '1' and zhifu = '1' ) LIMIT 1   [ RunTime:0.0002s ]
SQL: SELECT SUM(acmoney) AS tp_Sum FROM `xxjzaccount` WHERE ( actime >= 1587571200 and actime <= 1595433599 and jiid = '1' and zhifu = '2' ) LIMIT 1   [ RunTime:0.0002s ]
SQL: SELECT SUM(acmoney) AS tp_Sum FROM `xxjzaccount` WHERE ( actime >= 1579708800 and actime <= 1595433599 and jiid = '1' and zhifu = '1' ) LIMIT 1   [ RunTime:0.0002s ]
SQL: SELECT SUM(acmoney) AS tp_Sum FROM `xxjzaccount` WHERE ( actime >= 1579708800 and actime <= 1595433599 and jiid = '1' and zhifu = '2' ) LIMIT 1   [ RunTime:0.0002s ]
SQL: SELECT SUM(acmoney) AS tp_Sum FROM `xxjzaccount` WHERE ( actime >= 1563811200 and actime <= 1595433599 and jiid = '1' and zhifu = '1' ) LIMIT 1   [ RunTime:0.0005s ]
SQL: SELECT SUM(acmoney) AS tp_Sum FROM `xxjzaccount` WHERE ( actime >= 1563811200 and actime <= 1595433599 and jiid = '1' and zhifu = '2' ) LIMIT 1   [ RunTime:0.0006s ]
SQL: SELECT SUM(acmoney) AS tp_Sum FROM `xxjzaccount` WHERE ( actime >= 1595260800 and actime <= 1595347199 and jiid = '1' and zhifu = '1' ) LIMIT 1   [ RunTime:0.0003s ]
SQL: SELECT SUM(acmoney) AS tp_Sum FROM `xxjzaccount` WHERE ( actime >= 1595260800 and actime <= 1595347199 and jiid = '1' and zhifu = '2' ) LIMIT 1   [ RunTime:0.0002s ]
SQL: SELECT SUM(acmoney) AS tp_Sum FROM `xxjzaccount` WHERE ( actime >= 1590940800 and actime <= 1593532799 and jiid = '1' and zhifu = '1' ) LIMIT 1   [ RunTime:0.0002s ]
SQL: SELECT SUM(acmoney) AS tp_Sum FROM `xxjzaccount` WHERE ( actime >= 1590940800 and actime <= 1593532799 and jiid = '1' and zhifu = '2' ) LIMIT 1   [ RunTime:0.0005s ]
SQL: SELECT SUM(acmoney) AS tp_Sum FROM `xxjzaccount` WHERE ( actime >= 1546272000 and actime <= 1577721600 and jiid = '1' and zhifu = '1' ) LIMIT 1   [ RunTime:0.0012s ]
SQL: SELECT SUM(acmoney) AS tp_Sum FROM `xxjzaccount` WHERE ( actime >= 1546272000 and actime <= 1577721600 and jiid = '1' and zhifu = '2' ) LIMIT 1   [ RunTime:0.0014s ]
SQL: SELECT SUM(acmoney) AS tp_Sum FROM `xxjzaccount` WHERE ( jiid = '1' and zhifu = '1' ) LIMIT 1   [ RunTime:0.0022s ]
SQL: SELECT SUM(acmoney) AS tp_Sum FROM `xxjzaccount` WHERE ( jiid = '1' and zhifu = '2' ) LIMIT 1   [ RunTime:0.0008s ]
INFO: [ view_parse ] --START--
INFO: [ template_filter ] --START--
INFO: Run Behavior\ContentReplaceBehavior [ RunTime:0.000180s ]
INFO: [ template_filter ] --END-- [ RunTime:0.000257s ]
INFO: Run Behavior\ParseTemplateBehavior [ RunTime:0.018026s ]
INFO: [ view_parse ] --END-- [ RunTime:0.018071s ]
INFO: [ view_filter ] --START--
INFO: Run Behavior\WriteHtmlCacheBehavior [ RunTime:0.000946s ]
INFO: [ view_filter ] --END-- [ RunTime:0.000986s ]
INFO: [ app_end ] --START--
INFO: Run Behavior\ShowPageTraceBehavior [ RunTime:0.001212s ]
INFO: [ app_end ] --END-- [ RunTime:0.001242s ]

[ 2020-07-22T17:04:53+08:00 ] ::1 /Evo/xxjzWeb-master/index.php?s=/Home/Funds/index
INFO: [ app_init ] --START--
INFO: Run Behavior\BuildLiteBehavior [ RunTime:0.000051s ]
INFO: [ app_init ] --END-- [ RunTime:0.001015s ]
INFO: [ app_begin ] --START--
INFO: Run Behavior\ReadHtmlCacheBehavior [ RunTime:0.000832s ]
INFO: [ app_begin ] --END-- [ RunTime:0.000861s ]
SQL: SHOW COLUMNS FROM `xxjzuser` [ RunTime:0.0052s ]
SQL: SHOW COLUMNS FROM `xxjzaccount_funds` [ RunTime:0.0068s ]
SQL: SELECT COUNT(*) AS tp_count FROM `xxjzaccount_funds` WHERE `uid` = 1 LIMIT 1   [ RunTime:0.0004s ]
SQL: SHOW COLUMNS FROM `xxjzaccount` [ RunTime:0.0039s ]
SQL: SELECT COUNT(acmoney) AS tp_count FROM `xxjzaccount` WHERE `fid` = -1 AND `jiid` = 1 LIMIT 1   [ RunTime:0.0006s ]
SQL: SELECT SUM(acmoney) AS tp_sum FROM `xxjzaccount` WHERE `fid` = -1 AND `jiid` = 1 AND `zhifu` = 1 LIMIT 1   [ RunTime:0.0003s ]
SQL: SELECT SUM(acmoney) AS tp_sum FROM `xxjzaccount` WHERE `fid` = -1 AND `jiid` = 1 AND `zhifu` = 2 LIMIT 1   [ RunTime:0.0001s ]
SQL: SELECT * FROM `xxjzaccount_funds` WHERE `uid` = 1 ORDER BY sort,fundsid  [ RunTime:0.0003s ]
SQL: SHOW COLUMNS FROM `xxjzaccount_transfer` [ RunTime:0.0120s ]
SQL: SELECT COUNT(*) AS tp_count FROM xxjzaccount_transfer transfer WHERE transfer.uid = '1' LIMIT 1   [ RunTime:0.0002s ]
SQL: SELECT transfer.*,source.fundsname as source_fname,target.fundsname as target_fname FROM xxjzaccount_transfer transfer LEFT JOIN xxjzaccount_funds AS target ON transfer.target_fid = target.fundsid LEFT JOIN xxjzaccount_funds AS source ON transfer.source_fid = source.fundsid  WHERE transfer.uid = '1' ORDER BY transfer.time DESC , transfer.tid DESC LIMIT 0,15   [ RunTime:0.0002s ]
INFO: [ view_parse ] --START--
INFO: [ template_filter ] --START--
INFO: Run Behavior\ContentReplaceBehavior [ RunTime:0.000196s ]
INFO: [ template_filter ] --END-- [ RunTime:0.000294s ]
NOTIC: [8] Undefined variable: PushAdminUrl Z:\xampp\htdocs\Evo\xxjzWeb-master\Application\Runtime\Cache\Home\b30cb37fccad853b7a6726e74158e16f.php 第 90 行.
INFO: Run Behavior\ParseTemplateBehavior [ RunTime:0.029713s ]
INFO: [ view_parse ] --END-- [ RunTime:0.029778s ]
INFO: [ view_filter ] --START--
INFO: Run Behavior\WriteHtmlCacheBehavior [ RunTime:0.001088s ]
INFO: [ view_filter ] --END-- [ RunTime:0.001142s ]
INFO: [ app_end ] --START--
INFO: Run Behavior\ShowPageTraceBehavior [ RunTime:0.001772s ]
INFO: [ app_end ] --END-- [ RunTime:0.001826s ]

[ 2020-07-22T17:05:15+08:00 ] ::1 /Evo/xxjzWeb-master/index.php?s=/Home/Funds/index
INFO: [ app_init ] --START--
INFO: Run Behavior\BuildLiteBehavior [ RunTime:0.000012s ]
INFO: [ app_init ] --END-- [ RunTime:0.000722s ]
INFO: [ app_begin ] --START--
INFO: Run Behavior\ReadHtmlCacheBehavior [ RunTime:0.005905s ]
INFO: [ app_begin ] --END-- [ RunTime:0.005967s ]
SQL: SHOW COLUMNS FROM `xxjzuser` [ RunTime:0.0130s ]
SQL: SHOW COLUMNS FROM `xxjzaccount_funds` [ RunTime:0.0153s ]
SQL: SELECT COUNT(*) AS tp_count FROM `xxjzaccount_funds` WHERE `uid` = 1 LIMIT 1   [ RunTime:0.0004s ]
SQL: SELECT * FROM `xxjzaccount_funds` WHERE `fundsname` = 'alex' AND `uid` = 1  [ RunTime:0.0003s ]
SQL: INSERT INTO `xxjzaccount_funds` (`fundsname`,`uid`) VALUES ('alex','1') [ RunTime:0.0090s ]
NOTIC: [2] unlink(./Application/Runtime/Temp/e9c1b81678e0cb7d74bbb28751073562.php): No such file or directory Z:\xampp\htdocs\Evo\xxjzWeb-master\ThinkPHP\Library\Think\Cache\Driver\File.class.php 第 157 行.
NOTIC: [2] unlink(./Application/Runtime/Temp/51f25d28109783f5a017e7a8195d9203.php): No such file or directory Z:\xampp\htdocs\Evo\xxjzWeb-master\ThinkPHP\Library\Think\Cache\Driver\File.class.php 第 157 行.
NOTIC: [2] unlink(./Application/Runtime/Temp/0d7c4e7978b48e6ff322d7df1c99011a.php): No such file or directory Z:\xampp\htdocs\Evo\xxjzWeb-master\ThinkPHP\Library\Think\Cache\Driver\File.class.php 第 157 行.
NOTIC: [2] unlink(./Application/Runtime/Temp/db109f8b299b6bb900d9b4d53fc91ebc.php): No such file or directory Z:\xampp\htdocs\Evo\xxjzWeb-master\ThinkPHP\Library\Think\Cache\Driver\File.class.php 第 157 行.
NOTIC: [2] unlink(./Application/Runtime/Temp/0a5073c44df96476d2b9454fc2fc9006.php): No such file or directory Z:\xampp\htdocs\Evo\xxjzWeb-master\ThinkPHP\Library\Think\Cache\Driver\File.class.php 第 157 行.
NOTIC: [2] unlink(./Application/Runtime/Temp/25b836c4b97d69ef97a9ba2119f6ce1c.php): No such file or directory Z:\xampp\htdocs\Evo\xxjzWeb-master\ThinkPHP\Library\Think\Cache\Driver\File.class.php 第 157 行.
NOTIC: [2] unlink(./Application/Runtime/Temp/d08d9752770fa51261511f0be3e9801c.php): No such file or directory Z:\xampp\htdocs\Evo\xxjzWeb-master\ThinkPHP\Library\Think\Cache\Driver\File.class.php 第 157 行.
NOTIC: [2] unlink(./Application/Runtime/Temp/017e30ffba9d7590e7ed66bb780298ca.php): No such file or directory Z:\xampp\htdocs\Evo\xxjzWeb-master\ThinkPHP\Library\Think\Cache\Driver\File.class.php 第 157 行.
NOTIC: [2] unlink(./Application/Runtime/Temp/473015e926deccb8d3f0f62c5f1fab7a.php): No such file or directory Z:\xampp\htdocs\Evo\xxjzWeb-master\ThinkPHP\Library\Think\Cache\Driver\File.class.php 第 157 行.
SQL: SELECT * FROM `xxjzaccount_funds` WHERE `fundsid` = 1 AND `uid` = 1 LIMIT 1   [ RunTime:0.0010s ]
SQL: SHOW COLUMNS FROM `xxjzaccount_transfer` [ RunTime:0.0159s ]
SQL: INSERT INTO `xxjzaccount_transfer` (`uid`,`money`,`source_fid`,`target_fid`,`time`,`mark`) VALUES ('1','5000','0','1','1595347200','alex账户的默认金额') [ RunTime:0.0017s ]
NOTIC: [2] unlink(./Application/Runtime/Temp/3432100d141a8b7708db09ea64cbd646.php): No such file or directory Z:\xampp\htdocs\Evo\xxjzWeb-master\ThinkPHP\Library\Think\Cache\Driver\File.class.php 第 157 行.
NOTIC: [2] unlink(./Application/Runtime/Temp/d3a8dfbd3121b4a3ceabea32ea538d10.php): No such file or directory Z:\xampp\htdocs\Evo\xxjzWeb-master\ThinkPHP\Library\Think\Cache\Driver\File.class.php 第 157 行.
NOTIC: [2] unlink(./Application/Runtime/Temp/e9c1b81678e0cb7d74bbb28751073562.php): No such file or directory Z:\xampp\htdocs\Evo\xxjzWeb-master\ThinkPHP\Library\Think\Cache\Driver\File.class.php 第 157 行.
NOTIC: [2] unlink(./Application/Runtime/Temp/51f25d28109783f5a017e7a8195d9203.php): No such file or directory Z:\xampp\htdocs\Evo\xxjzWeb-master\ThinkPHP\Library\Think\Cache\Driver\File.class.php 第 157 行.
NOTIC: [2] unlink(./Application/Runtime/Temp/0d7c4e7978b48e6ff322d7df1c99011a.php): No such file or directory Z:\xampp\htdocs\Evo\xxjzWeb-master\ThinkPHP\Library\Think\Cache\Driver\File.class.php 第 157 行.
NOTIC: [2] unlink(./Application/Runtime/Temp/db109f8b299b6bb900d9b4d53fc91ebc.php): No such file or directory Z:\xampp\htdocs\Evo\xxjzWeb-master\ThinkPHP\Library\Think\Cache\Driver\File.class.php 第 157 行.
NOTIC: [2] unlink(./Application/Runtime/Temp/5469c0033ebe75231356816c1c5608ef.php): No such file or directory Z:\xampp\htdocs\Evo\xxjzWeb-master\ThinkPHP\Library\Think\Cache\Driver\File.class.php 第 157 行.
NOTIC: [2] unlink(./Application/Runtime/Temp/0a5073c44df96476d2b9454fc2fc9006.php): No such file or directory Z:\xampp\htdocs\Evo\xxjzWeb-master\ThinkPHP\Library\Think\Cache\Driver\File.class.php 第 157 行.
NOTIC: [2] unlink(./Application/Runtime/Temp/25b836c4b97d69ef97a9ba2119f6ce1c.php): No such file or directory Z:\xampp\htdocs\Evo\xxjzWeb-master\ThinkPHP\Library\Think\Cache\Driver\File.class.php 第 157 行.
NOTIC: [2] unlink(./Application/Runtime/Temp/d08d9752770fa51261511f0be3e9801c.php): No such file or directory Z:\xampp\htdocs\Evo\xxjzWeb-master\ThinkPHP\Library\Think\Cache\Driver\File.class.php 第 157 行.
NOTIC: [2] unlink(./Application/Runtime/Temp/017e30ffba9d7590e7ed66bb780298ca.php): No such file or directory Z:\xampp\htdocs\Evo\xxjzWeb-master\ThinkPHP\Library\Think\Cache\Driver\File.class.php 第 157 行.
NOTIC: [2] unlink(./Application/Runtime/Temp/473015e926deccb8d3f0f62c5f1fab7a.php): No such file or directory Z:\xampp\htdocs\Evo\xxjzWeb-master\ThinkPHP\Library\Think\Cache\Driver\File.class.php 第 157 行.
NOTIC: [2] unlink(./Application/Runtime/Temp/3432100d141a8b7708db09ea64cbd646.php): No such file or directory Z:\xampp\htdocs\Evo\xxjzWeb-master\ThinkPHP\Library\Think\Cache\Driver\File.class.php 第 157 行.
NOTIC: [2] unlink(./Application/Runtime/Temp/d3a8dfbd3121b4a3ceabea32ea538d10.php): No such file or directory Z:\xampp\htdocs\Evo\xxjzWeb-master\ThinkPHP\Library\Think\Cache\Driver\File.class.php 第 157 行.
NOTIC: [2] unlink(./Application/Runtime/Temp/e9c1b81678e0cb7d74bbb28751073562.php): No such file or directory Z:\xampp\htdocs\Evo\xxjzWeb-master\ThinkPHP\Library\Think\Cache\Driver\File.class.php 第 157 行.
NOTIC: [2] unlink(./Application/Runtime/Temp/51f25d28109783f5a017e7a8195d9203.php): No such file or directory Z:\xampp\htdocs\Evo\xxjzWeb-master\ThinkPHP\Library\Think\Cache\Driver\File.class.php 第 157 行.
NOTIC: [2] unlink(./Application/Runtime/Temp/0d7c4e7978b48e6ff322d7df1c99011a.php): No such file or directory Z:\xampp\htdocs\Evo\xxjzWeb-master\ThinkPHP\Library\Think\Cache\Driver\File.class.php 第 157 行.
NOTIC: [2] unlink(./Application/Runtime/Temp/db109f8b299b6bb900d9b4d53fc91ebc.php): No such file or directory Z:\xampp\htdocs\Evo\xxjzWeb-master\ThinkPHP\Library\Think\Cache\Driver\File.class.php 第 157 行.
NOTIC: [2] unlink(./Application/Runtime/Temp/5469c0033ebe75231356816c1c5608ef.php): No such file or directory Z:\xampp\htdocs\Evo\xxjzWeb-master\ThinkPHP\Library\Think\Cache\Driver\File.class.php 第 157 行.
NOTIC: [2] unlink(./Application/Runtime/Temp/0a5073c44df96476d2b9454fc2fc9006.php): No such file or directory Z:\xampp\htdocs\Evo\xxjzWeb-master\ThinkPHP\Library\Think\Cache\Driver\File.class.php 第 157 行.
NOTIC: [2] unlink(./Application/Runtime/Temp/25b836c4b97d69ef97a9ba2119f6ce1c.php): No such file or directory Z:\xampp\htdocs\Evo\xxjzWeb-master\ThinkPHP\Library\Think\Cache\Driver\File.class.php 第 157 行.
NOTIC: [2] unlink(./Application/Runtime/Temp/d08d9752770fa51261511f0be3e9801c.php): No such file or directory Z:\xampp\htdocs\Evo\xxjzWeb-master\ThinkPHP\Library\Think\Cache\Driver\File.class.php 第 157 行.
NOTIC: [2] unlink(./Application/Runtime/Temp/017e30ffba9d7590e7ed66bb780298ca.php): No such file or directory Z:\xampp\htdocs\Evo\xxjzWeb-master\ThinkPHP\Library\Think\Cache\Driver\File.class.php 第 157 行.
NOTIC: [2] unlink(./Application/Runtime/Temp/473015e926deccb8d3f0f62c5f1fab7a.php): No such file or directory Z:\xampp\htdocs\Evo\xxjzWeb-master\ThinkPHP\Library\Think\Cache\Driver\File.class.php 第 157 行.
NOTIC: [2] Use of undefined constant url - assumed 'url' (this will throw an Error in a future version of PHP) Z:\xampp\htdocs\Evo\xxjzWeb-master\Application\Home\Common\function.php 第 228 行.
SQL: SELECT COUNT(*) AS tp_count FROM `xxjzaccount_funds` WHERE `uid` = 1 LIMIT 1   [ RunTime:0.0026s ]
SQL: SHOW COLUMNS FROM `xxjzaccount` [ RunTime:0.0100s ]
SQL: SELECT COUNT(*) AS tp_count FROM `xxjzaccount` WHERE `jiid` = 1 AND `fid` = -1 LIMIT 1   [ RunTime:0.0004s ]
SQL: SELECT * FROM `xxjzaccount_funds` WHERE `uid` = 1 ORDER BY sort,fundsid  [ RunTime:0.0003s ]
SQL: SELECT COUNT(acmoney) AS tp_count FROM `xxjzaccount` WHERE `fid` = 1 AND `jiid` = 1 LIMIT 1   [ RunTime:0.0003s ]
SQL: SELECT SUM(acmoney) AS tp_sum FROM `xxjzaccount` WHERE `fid` = 1 AND `jiid` = 1 AND `zhifu` = 1 LIMIT 1   [ RunTime:0.0002s ]
SQL: SELECT SUM(acmoney) AS tp_sum FROM `xxjzaccount` WHERE `fid` = 1 AND `jiid` = 1 AND `zhifu` = 2 LIMIT 1   [ RunTime:0.0003s ]
SQL: SELECT * FROM `xxjzaccount_funds` WHERE `fundsid` = 1 AND `uid` = 1 LIMIT 1   [ RunTime:0.0006s ]
SQL: SELECT SUM(money) AS tp_sum FROM `xxjzaccount_transfer` WHERE `uid` = 1 AND `source_fid` = 1 LIMIT 1   [ RunTime:0.0003s ]
SQL: SELECT COUNT(*) AS tp_count FROM `xxjzaccount_transfer` WHERE `uid` = 1 AND `source_fid` = 1 LIMIT 1   [ RunTime:0.0005s ]
SQL: SELECT SUM(money) AS tp_sum FROM `xxjzaccount_transfer` WHERE `uid` = 1 AND `source_fid` = 0 AND `target_fid` = 1 LIMIT 1   [ RunTime:0.0007s ]
SQL: SELECT COUNT(*) AS tp_count FROM `xxjzaccount_transfer` WHERE `uid` = 1 AND `source_fid` = 0 AND `target_fid` = 1 LIMIT 1   [ RunTime:0.0005s ]
SQL: SELECT SUM(money) AS tp_sum FROM `xxjzaccount_transfer` WHERE `uid` = 1 AND `source_fid` > 0 AND `target_fid` = 1 LIMIT 1   [ RunTime:0.0002s ]
SQL: SELECT COUNT(*) AS tp_count FROM `xxjzaccount_transfer` WHERE `uid` = 1 AND `source_fid` > 0 AND `target_fid` = 1 LIMIT 1   [ RunTime:0.0002s ]
SQL: SELECT COUNT(*) AS tp_count FROM xxjzaccount_transfer transfer WHERE transfer.uid = '1' LIMIT 1   [ RunTime:0.0012s ]
SQL: SELECT transfer.*,source.fundsname as source_fname,target.fundsname as target_fname FROM xxjzaccount_transfer transfer LEFT JOIN xxjzaccount_funds AS target ON transfer.target_fid = target.fundsid LEFT JOIN xxjzaccount_funds AS source ON transfer.source_fid = source.fundsid  WHERE transfer.uid = '1' ORDER BY transfer.time DESC , transfer.tid DESC LIMIT 0,15   [ RunTime:0.0010s ]
INFO: [ view_parse ] --START--
INFO: [ template_filter ] --START--
INFO: Run Behavior\ContentReplaceBehavior [ RunTime:0.000149s ]
INFO: [ template_filter ] --END-- [ RunTime:0.000232s ]
NOTIC: [8] Undefined variable: PushAdminUrl Z:\xampp\htdocs\Evo\xxjzWeb-master\Application\Runtime\Cache\Home\b30cb37fccad853b7a6726e74158e16f.php 第 90 行.
INFO: Run Behavior\ParseTemplateBehavior [ RunTime:0.017530s ]
INFO: [ view_parse ] --END-- [ RunTime:0.017613s ]
INFO: [ view_filter ] --START--
INFO: Run Behavior\WriteHtmlCacheBehavior [ RunTime:0.001863s ]
INFO: [ view_filter ] --END-- [ RunTime:0.001910s ]
INFO: [ app_end ] --START--
INFO: Run Behavior\ShowPageTraceBehavior [ RunTime:0.002369s ]
INFO: [ app_end ] --END-- [ RunTime:0.002438s ]

[ 2020-07-22T17:05:17+08:00 ] ::1 /Evo/xxjzWeb-master/index.php?s=/Home/Funds/index
INFO: [ app_init ] --START--
INFO: Run Behavior\BuildLiteBehavior [ RunTime:0.000012s ]
INFO: [ app_init ] --END-- [ RunTime:0.000927s ]
INFO: [ app_begin ] --START--
INFO: Run Behavior\ReadHtmlCacheBehavior [ RunTime:0.001613s ]
INFO: [ app_begin ] --END-- [ RunTime:0.001666s ]
SQL: SHOW COLUMNS FROM `xxjzuser` [ RunTime:0.0092s ]
SQL: SHOW COLUMNS FROM `xxjzaccount_transfer` [ RunTime:0.0068s ]
SQL: SELECT COUNT(*) AS tp_count FROM xxjzaccount_transfer transfer WHERE transfer.uid = '1' LIMIT 1   [ RunTime:0.0003s ]
SQL: SELECT transfer.*,source.fundsname as source_fname,target.fundsname as target_fname FROM xxjzaccount_transfer transfer LEFT JOIN xxjzaccount_funds AS target ON transfer.target_fid = target.fundsid LEFT JOIN xxjzaccount_funds AS source ON transfer.source_fid = source.fundsid  WHERE transfer.uid = '1' ORDER BY transfer.time DESC , transfer.tid DESC LIMIT 0,15   [ RunTime:0.0006s ]
INFO: [ view_parse ] --START--
INFO: [ template_filter ] --START--
INFO: Run Behavior\ContentReplaceBehavior [ RunTime:0.000125s ]
INFO: [ template_filter ] --END-- [ RunTime:0.000168s ]
NOTIC: [8] Undefined variable: PushAdminUrl Z:\xampp\htdocs\Evo\xxjzWeb-master\Application\Runtime\Cache\Home\b30cb37fccad853b7a6726e74158e16f.php 第 90 行.
INFO: Run Behavior\ParseTemplateBehavior [ RunTime:0.017425s ]
INFO: [ view_parse ] --END-- [ RunTime:0.017453s ]
INFO: [ view_filter ] --START--
INFO: Run Behavior\WriteHtmlCacheBehavior [ RunTime:0.000480s ]
INFO: [ view_filter ] --END-- [ RunTime:0.000501s ]
INFO: [ app_end ] --START--
INFO: Run Behavior\ShowPageTraceBehavior [ RunTime:0.001466s ]
INFO: [ app_end ] --END-- [ RunTime:0.001509s ]

[ 2020-07-22T17:05:59+08:00 ] ::1 /Evo/xxjzWeb-master/index.php?s=/Home/Funds/index
INFO: [ app_init ] --START--
INFO: Run Behavior\BuildLiteBehavior [ RunTime:0.000010s ]
INFO: [ app_init ] --END-- [ RunTime:0.000741s ]
INFO: [ app_begin ] --START--
INFO: Run Behavior\ReadHtmlCacheBehavior [ RunTime:0.001301s ]
INFO: [ app_begin ] --END-- [ RunTime:0.001359s ]
SQL: SHOW COLUMNS FROM `xxjzuser` [ RunTime:0.0519s ]
SQL: SHOW COLUMNS FROM `xxjzaccount_funds` [ RunTime:0.0315s ]
SQL: SELECT COUNT(*) AS tp_count FROM `xxjzaccount_funds` WHERE `uid` = 1 LIMIT 1   [ RunTime:0.0017s ]
SQL: SHOW COLUMNS FROM `xxjzaccount` [ RunTime:0.0264s ]
SQL: SELECT COUNT(*) AS tp_count FROM `xxjzaccount` WHERE `jiid` = 1 AND `fid` = -1 LIMIT 1   [ RunTime:0.0019s ]
SQL: SELECT * FROM `xxjzaccount_funds` WHERE `fundsname` = 'yaya' AND `uid` = 1  [ RunTime:0.0006s ]
SQL: INSERT INTO `xxjzaccount_funds` (`fundsname`,`uid`) VALUES ('yaya','1') [ RunTime:0.0015s ]
NOTIC: [2] unlink(./Application/Runtime/Temp/e9c1b81678e0cb7d74bbb28751073562.php): No such file or directory Z:\xampp\htdocs\Evo\xxjzWeb-master\ThinkPHP\Library\Think\Cache\Driver\File.class.php 第 157 行.
NOTIC: [2] unlink(./Application/Runtime/Temp/51f25d28109783f5a017e7a8195d9203.php): No such file or directory Z:\xampp\htdocs\Evo\xxjzWeb-master\ThinkPHP\Library\Think\Cache\Driver\File.class.php 第 157 行.
NOTIC: [2] unlink(./Application/Runtime/Temp/0d7c4e7978b48e6ff322d7df1c99011a.php): No such file or directory Z:\xampp\htdocs\Evo\xxjzWeb-master\ThinkPHP\Library\Think\Cache\Driver\File.class.php 第 157 行.
NOTIC: [2] unlink(./Application/Runtime/Temp/db109f8b299b6bb900d9b4d53fc91ebc.php): No such file or directory Z:\xampp\htdocs\Evo\xxjzWeb-master\ThinkPHP\Library\Think\Cache\Driver\File.class.php 第 157 行.
NOTIC: [2] unlink(./Application/Runtime/Temp/5469c0033ebe75231356816c1c5608ef.php): No such file or directory Z:\xampp\htdocs\Evo\xxjzWeb-master\ThinkPHP\Library\Think\Cache\Driver\File.class.php 第 157 行.
NOTIC: [2] unlink(./Application/Runtime/Temp/0a5073c44df96476d2b9454fc2fc9006.php): No such file or directory Z:\xampp\htdocs\Evo\xxjzWeb-master\ThinkPHP\Library\Think\Cache\Driver\File.class.php 第 157 行.
NOTIC: [2] unlink(./Application/Runtime/Temp/25b836c4b97d69ef97a9ba2119f6ce1c.php): No such file or directory Z:\xampp\htdocs\Evo\xxjzWeb-master\ThinkPHP\Library\Think\Cache\Driver\File.class.php 第 157 行.
NOTIC: [2] unlink(./Application/Runtime/Temp/d08d9752770fa51261511f0be3e9801c.php): No such file or directory Z:\xampp\htdocs\Evo\xxjzWeb-master\ThinkPHP\Library\Think\Cache\Driver\File.class.php 第 157 行.
NOTIC: [2] unlink(./Application/Runtime/Temp/017e30ffba9d7590e7ed66bb780298ca.php): No such file or directory Z:\xampp\htdocs\Evo\xxjzWeb-master\ThinkPHP\Library\Think\Cache\Driver\File.class.php 第 157 行.
NOTIC: [2] unlink(./Application/Runtime/Temp/473015e926deccb8d3f0f62c5f1fab7a.php): No such file or directory Z:\xampp\htdocs\Evo\xxjzWeb-master\ThinkPHP\Library\Think\Cache\Driver\File.class.php 第 157 行.
NOTIC: [2] unlink(./Application/Runtime/Temp/3432100d141a8b7708db09ea64cbd646.php): No such file or directory Z:\xampp\htdocs\Evo\xxjzWeb-master\ThinkPHP\Library\Think\Cache\Driver\File.class.php 第 157 行.
NOTIC: [2] unlink(./Application/Runtime/Temp/d3a8dfbd3121b4a3ceabea32ea538d10.php): No such file or directory Z:\xampp\htdocs\Evo\xxjzWeb-master\ThinkPHP\Library\Think\Cache\Driver\File.class.php 第 157 行.
NOTIC: [2] unlink(./Application/Runtime/Temp/e9c1b81678e0cb7d74bbb28751073562.php): No such file or directory Z:\xampp\htdocs\Evo\xxjzWeb-master\ThinkPHP\Library\Think\Cache\Driver\File.class.php 第 157 行.
NOTIC: [2] unlink(./Application/Runtime/Temp/51f25d28109783f5a017e7a8195d9203.php): No such file or directory Z:\xampp\htdocs\Evo\xxjzWeb-master\ThinkPHP\Library\Think\Cache\Driver\File.class.php 第 157 行.
NOTIC: [2] unlink(./Application/Runtime/Temp/0d7c4e7978b48e6ff322d7df1c99011a.php): No such file or directory Z:\xampp\htdocs\Evo\xxjzWeb-master\ThinkPHP\Library\Think\Cache\Driver\File.class.php 第 157 行.
NOTIC: [2] unlink(./Application/Runtime/Temp/db109f8b299b6bb900d9b4d53fc91ebc.php): No such file or directory Z:\xampp\htdocs\Evo\xxjzWeb-master\ThinkPHP\Library\Think\Cache\Driver\File.class.php 第 157 行.
NOTIC: [2] unlink(./Application/Runtime/Temp/5469c0033ebe75231356816c1c5608ef.php): No such file or directory Z:\xampp\htdocs\Evo\xxjzWeb-master\ThinkPHP\Library\Think\Cache\Driver\File.class.php 第 157 行.
NOTIC: [2] unlink(./Application/Runtime/Temp/0a5073c44df96476d2b9454fc2fc9006.php): No such file or directory Z:\xampp\htdocs\Evo\xxjzWeb-master\ThinkPHP\Library\Think\Cache\Driver\File.class.php 第 157 行.
NOTIC: [2] unlink(./Application/Runtime/Temp/25b836c4b97d69ef97a9ba2119f6ce1c.php): No such file or directory Z:\xampp\htdocs\Evo\xxjzWeb-master\ThinkPHP\Library\Think\Cache\Driver\File.class.php 第 157 行.
NOTIC: [2] unlink(./Application/Runtime/Temp/d08d9752770fa51261511f0be3e9801c.php): No such file or directory Z:\xampp\htdocs\Evo\xxjzWeb-master\ThinkPHP\Library\Think\Cache\Driver\File.class.php 第 157 行.
NOTIC: [2] unlink(./Application/Runtime/Temp/017e30ffba9d7590e7ed66bb780298ca.php): No such file or directory Z:\xampp\htdocs\Evo\xxjzWeb-master\ThinkPHP\Library\Think\Cache\Driver\File.class.php 第 157 行.
NOTIC: [2] unlink(./Application/Runtime/Temp/473015e926deccb8d3f0f62c5f1fab7a.php): No such file or directory Z:\xampp\htdocs\Evo\xxjzWeb-master\ThinkPHP\Library\Think\Cache\Driver\File.class.php 第 157 行.
NOTIC: [2] Use of undefined constant url - assumed 'url' (this will throw an Error in a future version of PHP) Z:\xampp\htdocs\Evo\xxjzWeb-master\Application\Home\Common\function.php 第 228 行.
SQL: SELECT COUNT(*) AS tp_count FROM `xxjzaccount_funds` WHERE `uid` = 1 LIMIT 1   [ RunTime:0.0015s ]
SQL: SELECT COUNT(*) AS tp_count FROM `xxjzaccount` WHERE `jiid` = 1 AND `fid` = -1 LIMIT 1   [ RunTime:0.0024s ]
SQL: SELECT * FROM `xxjzaccount_funds` WHERE `uid` = 1 ORDER BY sort,fundsid  [ RunTime:0.0005s ]
SQL: SELECT COUNT(acmoney) AS tp_count FROM `xxjzaccount` WHERE `fid` = 1 AND `jiid` = 1 LIMIT 1   [ RunTime:0.0006s ]
SQL: SELECT SUM(acmoney) AS tp_sum FROM `xxjzaccount` WHERE `fid` = 1 AND `jiid` = 1 AND `zhifu` = 1 LIMIT 1   [ RunTime:0.0040s ]
SQL: SELECT SUM(acmoney) AS tp_sum FROM `xxjzaccount` WHERE `fid` = 1 AND `jiid` = 1 AND `zhifu` = 2 LIMIT 1   [ RunTime:0.0041s ]
SQL: SELECT * FROM `xxjzaccount_funds` WHERE `fundsid` = 1 AND `uid` = 1 LIMIT 1   [ RunTime:0.0015s ]
SQL: SHOW COLUMNS FROM `xxjzaccount_transfer` [ RunTime:0.0074s ]
SQL: SELECT SUM(money) AS tp_sum FROM `xxjzaccount_transfer` WHERE `uid` = 1 AND `source_fid` = 1 LIMIT 1   [ RunTime:0.0005s ]
SQL: SELECT COUNT(*) AS tp_count FROM `xxjzaccount_transfer` WHERE `uid` = 1 AND `source_fid` = 1 LIMIT 1   [ RunTime:0.0027s ]
SQL: SELECT SUM(money) AS tp_sum FROM `xxjzaccount_transfer` WHERE `uid` = 1 AND `source_fid` = 0 AND `target_fid` = 1 LIMIT 1   [ RunTime:0.0015s ]
SQL: SELECT COUNT(*) AS tp_count FROM `xxjzaccount_transfer` WHERE `uid` = 1 AND `source_fid` = 0 AND `target_fid` = 1 LIMIT 1   [ RunTime:0.0004s ]
SQL: SELECT SUM(money) AS tp_sum FROM `xxjzaccount_transfer` WHERE `uid` = 1 AND `source_fid` > 0 AND `target_fid` = 1 LIMIT 1   [ RunTime:0.0007s ]
SQL: SELECT COUNT(*) AS tp_count FROM `xxjzaccount_transfer` WHERE `uid` = 1 AND `source_fid` > 0 AND `target_fid` = 1 LIMIT 1   [ RunTime:0.0006s ]
NOTIC: [8] Undefined offset: 2 Z:\xampp\htdocs\Evo\xxjzWeb-master\Application\Home\Common\function.php 第 967 行.
SQL: SELECT COUNT(acmoney) AS tp_count FROM `xxjzaccount` WHERE `fid` = 2 AND `jiid` = 1 LIMIT 1   [ RunTime:0.0004s ]
SQL: SELECT SUM(acmoney) AS tp_sum FROM `xxjzaccount` WHERE `fid` = 2 AND `jiid` = 1 AND `zhifu` = 1 LIMIT 1   [ RunTime:0.0006s ]
SQL: SELECT SUM(acmoney) AS tp_sum FROM `xxjzaccount` WHERE `fid` = 2 AND `jiid` = 1 AND `zhifu` = 2 LIMIT 1   [ RunTime:0.0011s ]
SQL: SELECT * FROM `xxjzaccount_funds` WHERE `fundsid` = 2 AND `uid` = 1 LIMIT 1   [ RunTime:0.0003s ]
SQL: SELECT SUM(money) AS tp_sum FROM `xxjzaccount_transfer` WHERE `uid` = 1 AND `source_fid` = 2 LIMIT 1   [ RunTime:0.0002s ]
SQL: SELECT COUNT(*) AS tp_count FROM `xxjzaccount_transfer` WHERE `uid` = 1 AND `source_fid` = 2 LIMIT 1   [ RunTime:0.0003s ]
SQL: SELECT SUM(money) AS tp_sum FROM `xxjzaccount_transfer` WHERE `uid` = 1 AND `source_fid` = 0 AND `target_fid` = 2 LIMIT 1   [ RunTime:0.0005s ]
SQL: SELECT COUNT(*) AS tp_count FROM `xxjzaccount_transfer` WHERE `uid` = 1 AND `source_fid` = 0 AND `target_fid` = 2 LIMIT 1   [ RunTime:0.0051s ]
SQL: SELECT SUM(money) AS tp_sum FROM `xxjzaccount_transfer` WHERE `uid` = 1 AND `source_fid` > 0 AND `target_fid` = 2 LIMIT 1   [ RunTime:0.0005s ]
SQL: SELECT COUNT(*) AS tp_count FROM `xxjzaccount_transfer` WHERE `uid` = 1 AND `source_fid` > 0 AND `target_fid` = 2 LIMIT 1   [ RunTime:0.0007s ]
SQL: SELECT COUNT(*) AS tp_count FROM xxjzaccount_transfer transfer WHERE transfer.uid = '1' LIMIT 1   [ RunTime:0.0005s ]
SQL: SELECT transfer.*,source.fundsname as source_fname,target.fundsname as target_fname FROM xxjzaccount_transfer transfer LEFT JOIN xxjzaccount_funds AS target ON transfer.target_fid = target.fundsid LEFT JOIN xxjzaccount_funds AS source ON transfer.source_fid = source.fundsid  WHERE transfer.uid = '1' ORDER BY transfer.time DESC , transfer.tid DESC LIMIT 0,15   [ RunTime:0.0006s ]
INFO: [ view_parse ] --START--
INFO: [ template_filter ] --START--
INFO: Run Behavior\ContentReplaceBehavior [ RunTime:0.000168s ]
INFO: [ template_filter ] --END-- [ RunTime:0.000233s ]
NOTIC: [8] Undefined variable: PushAdminUrl Z:\xampp\htdocs\Evo\xxjzWeb-master\Application\Runtime\Cache\Home\b30cb37fccad853b7a6726e74158e16f.php 第 90 行.
INFO: Run Behavior\ParseTemplateBehavior [ RunTime:0.027915s ]
INFO: [ view_parse ] --END-- [ RunTime:0.027976s ]
INFO: [ view_filter ] --START--
INFO: Run Behavior\WriteHtmlCacheBehavior [ RunTime:0.001965s ]
INFO: [ view_filter ] --END-- [ RunTime:0.002017s ]
INFO: [ app_end ] --START--
INFO: Run Behavior\ShowPageTraceBehavior [ RunTime:0.001822s ]
INFO: [ app_end ] --END-- [ RunTime:0.001879s ]

[ 2020-07-22T17:06:02+08:00 ] ::1 /Evo/xxjzWeb-master/index.php?s=/Home/Funds/index
INFO: [ app_init ] --START--
INFO: Run Behavior\BuildLiteBehavior [ RunTime:0.000016s ]
INFO: [ app_init ] --END-- [ RunTime:0.001215s ]
INFO: [ app_begin ] --START--
INFO: Run Behavior\ReadHtmlCacheBehavior [ RunTime:0.001766s ]
INFO: [ app_begin ] --END-- [ RunTime:0.001957s ]
SQL: SHOW COLUMNS FROM `xxjzuser` [ RunTime:0.0072s ]
SQL: SHOW COLUMNS FROM `xxjzaccount_transfer` [ RunTime:0.0079s ]
SQL: SELECT COUNT(*) AS tp_count FROM xxjzaccount_transfer transfer WHERE transfer.uid = '1' LIMIT 1   [ RunTime:0.0004s ]
SQL: SELECT transfer.*,source.fundsname as source_fname,target.fundsname as target_fname FROM xxjzaccount_transfer transfer LEFT JOIN xxjzaccount_funds AS target ON transfer.target_fid = target.fundsid LEFT JOIN xxjzaccount_funds AS source ON transfer.source_fid = source.fundsid  WHERE transfer.uid = '1' ORDER BY transfer.time DESC , transfer.tid DESC LIMIT 0,15   [ RunTime:0.0005s ]
INFO: [ view_parse ] --START--
INFO: [ template_filter ] --START--
INFO: Run Behavior\ContentReplaceBehavior [ RunTime:0.000184s ]
INFO: [ template_filter ] --END-- [ RunTime:0.000249s ]
NOTIC: [8] Undefined variable: PushAdminUrl Z:\xampp\htdocs\Evo\xxjzWeb-master\Application\Runtime\Cache\Home\b30cb37fccad853b7a6726e74158e16f.php 第 90 行.
INFO: Run Behavior\ParseTemplateBehavior [ RunTime:0.018022s ]
INFO: [ view_parse ] --END-- [ RunTime:0.018063s ]
INFO: [ view_filter ] --START--
INFO: Run Behavior\WriteHtmlCacheBehavior [ RunTime:0.000809s ]
INFO: [ view_filter ] --END-- [ RunTime:0.000850s ]
INFO: [ app_end ] --START--
INFO: Run Behavior\ShowPageTraceBehavior [ RunTime:0.001238s ]
INFO: [ app_end ] --END-- [ RunTime:0.001299s ]

[ 2020-07-22T17:07:17+08:00 ] ::1 /Evo/xxjzWeb-master/index.php?s=/Home/User/index
INFO: [ app_init ] --START--
INFO: Run Behavior\BuildLiteBehavior [ RunTime:0.000011s ]
INFO: [ app_init ] --END-- [ RunTime:0.000881s ]
INFO: [ app_begin ] --START--
INFO: Run Behavior\ReadHtmlCacheBehavior [ RunTime:0.000931s ]
INFO: [ app_begin ] --END-- [ RunTime:0.000982s ]
SQL: SHOW COLUMNS FROM `xxjzuser` [ RunTime:0.0074s ]
SQL: SELECT `email` FROM `xxjzuser` WHERE `uid` = 1 LIMIT 1   [ RunTime:0.0003s ]
INFO: [ view_parse ] --START--
INFO: [ template_filter ] --START--
INFO: Run Behavior\ContentReplaceBehavior [ RunTime:0.000084s ]
INFO: [ template_filter ] --END-- [ RunTime:0.000115s ]
NOTIC: [8] Undefined variable: PushAdminUrl Z:\xampp\htdocs\Evo\xxjzWeb-master\Application\Runtime\Cache\Home\6830cbac89ff06451c77cd8769d6d4ca.php 第 90 行.
INFO: Run Behavior\ParseTemplateBehavior [ RunTime:0.013347s ]
INFO: [ view_parse ] --END-- [ RunTime:0.013373s ]
INFO: [ view_filter ] --START--
INFO: Run Behavior\WriteHtmlCacheBehavior [ RunTime:0.000631s ]
INFO: [ view_filter ] --END-- [ RunTime:0.000651s ]
INFO: [ app_end ] --START--
INFO: Run Behavior\ShowPageTraceBehavior [ RunTime:0.000918s ]
INFO: [ app_end ] --END-- [ RunTime:0.000953s ]

[ 2020-07-22T17:07:21+08:00 ] ::1 /Evo/xxjzWeb-master/index.php?s=/Home/Chart/index
INFO: [ app_init ] --START--
INFO: Run Behavior\BuildLiteBehavior [ RunTime:0.000012s ]
INFO: [ app_init ] --END-- [ RunTime:0.000757s ]
INFO: [ app_begin ] --START--
INFO: Run Behavior\ReadHtmlCacheBehavior [ RunTime:0.001448s ]
INFO: [ app_begin ] --END-- [ RunTime:0.001521s ]
SQL: SHOW COLUMNS FROM `xxjzuser` [ RunTime:0.0093s ]
SQL: SHOW COLUMNS FROM `xxjzaccount_class` [ RunTime:0.0056s ]
SQL: SELECT * FROM `xxjzaccount_class` WHERE `ufid` = 1 AND `classtype` = 1 ORDER BY sort,classid  [ RunTime:0.0005s ]
NOTIC: [8] Undefined variable: ret Z:\xampp\htdocs\Evo\xxjzWeb-master\Application\Home\Common\function.php 第 480 行.
SQL: SELECT * FROM `xxjzaccount_class` WHERE `ufid` = 1 AND `classtype` = 2 ORDER BY sort,classid  [ RunTime:0.0005s ]
NOTIC: [8] Undefined variable: ret Z:\xampp\htdocs\Evo\xxjzWeb-master\Application\Home\Common\function.php 第 480 行.
NOTIC: [2] Invalid argument supplied for foreach() Z:\xampp\htdocs\Evo\xxjzWeb-master\Application\Home\Common\function.php 第 1781 行.
NOTIC: [2] Invalid argument supplied for foreach() Z:\xampp\htdocs\Evo\xxjzWeb-master\Application\Home\Common\function.php 第 1788 行.
NOTIC: [2] Invalid argument supplied for foreach() Z:\xampp\htdocs\Evo\xxjzWeb-master\Application\Home\Common\function.php 第 1781 行.
NOTIC: [2] Invalid argument supplied for foreach() Z:\xampp\htdocs\Evo\xxjzWeb-master\Application\Home\Common\function.php 第 1788 行.
NOTIC: [2] Invalid argument supplied for foreach() Z:\xampp\htdocs\Evo\xxjzWeb-master\Application\Home\Common\function.php 第 1781 行.
NOTIC: [2] Invalid argument supplied for foreach() Z:\xampp\htdocs\Evo\xxjzWeb-master\Application\Home\Common\function.php 第 1788 行.
NOTIC: [2] Invalid argument supplied for foreach() Z:\xampp\htdocs\Evo\xxjzWeb-master\Application\Home\Common\function.php 第 1781 行.
NOTIC: [2] Invalid argument supplied for foreach() Z:\xampp\htdocs\Evo\xxjzWeb-master\Application\Home\Common\function.php 第 1788 行.
NOTIC: [2] Invalid argument supplied for foreach() Z:\xampp\htdocs\Evo\xxjzWeb-master\Application\Home\Common\function.php 第 1781 行.
NOTIC: [2] Invalid argument supplied for foreach() Z:\xampp\htdocs\Evo\xxjzWeb-master\Application\Home\Common\function.php 第 1788 行.
NOTIC: [2] Invalid argument supplied for foreach() Z:\xampp\htdocs\Evo\xxjzWeb-master\Application\Home\Common\function.php 第 1781 行.
NOTIC: [2] Invalid argument supplied for foreach() Z:\xampp\htdocs\Evo\xxjzWeb-master\Application\Home\Common\function.php 第 1788 行.
NOTIC: [2] Invalid argument supplied for foreach() Z:\xampp\htdocs\Evo\xxjzWeb-master\Application\Home\Common\function.php 第 1781 行.
NOTIC: [2] Invalid argument supplied for foreach() Z:\xampp\htdocs\Evo\xxjzWeb-master\Application\Home\Common\function.php 第 1788 行.
NOTIC: [2] Invalid argument supplied for foreach() Z:\xampp\htdocs\Evo\xxjzWeb-master\Application\Home\Common\function.php 第 1781 行.
NOTIC: [2] Invalid argument supplied for foreach() Z:\xampp\htdocs\Evo\xxjzWeb-master\Application\Home\Common\function.php 第 1788 行.
NOTIC: [2] Invalid argument supplied for foreach() Z:\xampp\htdocs\Evo\xxjzWeb-master\Application\Home\Common\function.php 第 1781 行.
NOTIC: [2] Invalid argument supplied for foreach() Z:\xampp\htdocs\Evo\xxjzWeb-master\Application\Home\Common\function.php 第 1788 行.
NOTIC: [2] Invalid argument supplied for foreach() Z:\xampp\htdocs\Evo\xxjzWeb-master\Application\Home\Common\function.php 第 1781 行.
NOTIC: [2] Invalid argument supplied for foreach() Z:\xampp\htdocs\Evo\xxjzWeb-master\Application\Home\Common\function.php 第 1788 行.
NOTIC: [2] Invalid argument supplied for foreach() Z:\xampp\htdocs\Evo\xxjzWeb-master\Application\Home\Common\function.php 第 1781 行.
NOTIC: [2] Invalid argument supplied for foreach() Z:\xampp\htdocs\Evo\xxjzWeb-master\Application\Home\Common\function.php 第 1788 行.
NOTIC: [2] Invalid argument supplied for foreach() Z:\xampp\htdocs\Evo\xxjzWeb-master\Application\Home\Common\function.php 第 1781 行.
NOTIC: [2] Invalid argument supplied for foreach() Z:\xampp\htdocs\Evo\xxjzWeb-master\Application\Home\Common\function.php 第 1788 行.
NOTIC: [8] Undefined variable: mInSumClassMoney Z:\xampp\htdocs\Evo\xxjzWeb-master\Application\Home\Common\function.php 第 1808 行.
NOTIC: [8] Undefined variable: mOutSumClassMoney Z:\xampp\htdocs\Evo\xxjzWeb-master\Application\Home\Common\function.php 第 1809 行.
NOTIC: [2] Invalid argument supplied for foreach() Z:\xampp\htdocs\Evo\xxjzWeb-master\Application\Home\Common\function.php 第 1907 行.
NOTIC: [2] Invalid argument supplied for foreach() Z:\xampp\htdocs\Evo\xxjzWeb-master\Application\Home\Common\function.php 第 1907 行.
INFO: [ view_parse ] --START--
INFO: [ template_filter ] --START--
INFO: Run Behavior\ContentReplaceBehavior [ RunTime:0.000092s ]
INFO: [ template_filter ] --END-- [ RunTime:0.000145s ]
NOTIC: [8] Undefined variable: PushAdminUrl Z:\xampp\htdocs\Evo\xxjzWeb-master\Application\Runtime\Cache\Home\c222922493680472260a522c23da11ab.php 第 90 行.
INFO: Run Behavior\ParseTemplateBehavior [ RunTime:0.014458s ]
INFO: [ view_parse ] --END-- [ RunTime:0.014500s ]
INFO: [ view_filter ] --START--
INFO: Run Behavior\WriteHtmlCacheBehavior [ RunTime:0.001278s ]
INFO: [ view_filter ] --END-- [ RunTime:0.001322s ]
INFO: [ app_end ] --START--
INFO: Run Behavior\ShowPageTraceBehavior [ RunTime:0.001615s ]
INFO: [ app_end ] --END-- [ RunTime:0.001650s ]

[ 2020-07-22T17:07:27+08:00 ] ::1 /Evo/xxjzWeb-master/index.php?s=/Home/Funds/index
INFO: [ app_init ] --START--
INFO: Run Behavior\BuildLiteBehavior [ RunTime:0.000009s ]
INFO: [ app_init ] --END-- [ RunTime:0.000619s ]
INFO: [ app_begin ] --START--
INFO: Run Behavior\ReadHtmlCacheBehavior [ RunTime:0.001159s ]
INFO: [ app_begin ] --END-- [ RunTime:0.001211s ]
SQL: SHOW COLUMNS FROM `xxjzuser` [ RunTime:0.0056s ]
SQL: SHOW COLUMNS FROM `xxjzaccount_transfer` [ RunTime:0.0073s ]
SQL: SELECT COUNT(*) AS tp_count FROM xxjzaccount_transfer transfer WHERE transfer.uid = '1' LIMIT 1   [ RunTime:0.0003s ]
SQL: SELECT transfer.*,source.fundsname as source_fname,target.fundsname as target_fname FROM xxjzaccount_transfer transfer LEFT JOIN xxjzaccount_funds AS target ON transfer.target_fid = target.fundsid LEFT JOIN xxjzaccount_funds AS source ON transfer.source_fid = source.fundsid  WHERE transfer.uid = '1' ORDER BY transfer.time DESC , transfer.tid DESC LIMIT 0,15   [ RunTime:0.0004s ]
INFO: [ view_parse ] --START--
INFO: [ template_filter ] --START--
INFO: Run Behavior\ContentReplaceBehavior [ RunTime:0.000130s ]
INFO: [ template_filter ] --END-- [ RunTime:0.000171s ]
NOTIC: [8] Undefined variable: PushAdminUrl Z:\xampp\htdocs\Evo\xxjzWeb-master\Application\Runtime\Cache\Home\b30cb37fccad853b7a6726e74158e16f.php 第 90 行.
INFO: Run Behavior\ParseTemplateBehavior [ RunTime:0.013629s ]
INFO: [ view_parse ] --END-- [ RunTime:0.013696s ]
INFO: [ view_filter ] --START--
INFO: Run Behavior\WriteHtmlCacheBehavior [ RunTime:0.001949s ]
INFO: [ view_filter ] --END-- [ RunTime:0.002006s ]
INFO: [ app_end ] --START--
INFO: Run Behavior\ShowPageTraceBehavior [ RunTime:0.001898s ]
INFO: [ app_end ] --END-- [ RunTime:0.002012s ]

