[ 2020-07-19T19:45:39+08:00 ] ::1 /Evo/xxjzWeb-master/index.php
INFO: [ app_init ] --START--
INFO: Run Behavior\BuildLiteBehavior [ RunTime:0.000010s ]
INFO: [ app_init ] --END-- [ RunTime:0.001162s ]
INFO: [ app_begin ] --START--
INFO: Run Behavior\ReadHtmlCacheBehavior [ RunTime:0.001173s ]
INFO: [ app_begin ] --END-- [ RunTime:0.001211s ]

[ 2020-07-19T19:45:39+08:00 ] ::1 /Evo/xxjzWeb-master/index.php?s=/Home/Login/index.html
INFO: [ app_init ] --START--
INFO: Run Behavior\BuildLiteBehavior [ RunTime:0.000007s ]
INFO: [ app_init ] --END-- [ RunTime:0.000357s ]
INFO: [ app_begin ] --START--
INFO: Run Behavior\ReadHtmlCacheBehavior [ RunTime:0.001178s ]
INFO: [ app_begin ] --END-- [ RunTime:0.001244s ]
INFO: [ view_parse ] --START--
INFO: [ template_filter ] --START--
INFO: Run Behavior\ContentReplaceBehavior [ RunTime:0.000094s ]
INFO: [ template_filter ] --END-- [ RunTime:0.000137s ]
INFO: Run Behavior\ParseTemplateBehavior [ RunTime:0.029408s ]
INFO: [ view_parse ] --END-- [ RunTime:0.029463s ]
INFO: [ view_filter ] --START--
INFO: Run Behavior\WriteHtmlCacheBehavior [ RunTime:0.001065s ]
INFO: [ view_filter ] --END-- [ RunTime:0.001105s ]
INFO: [ app_end ] --START--
INFO: Run Behavior\ShowPageTraceBehavior [ RunTime:0.001453s ]
INFO: [ app_end ] --END-- [ RunTime:0.001498s ]

[ 2020-07-19T19:46:27+08:00 ] ::1 /Evo/xxjzWeb-master/index.php?s=/Home/Login/index.html
INFO: [ app_init ] --START--
INFO: Run Behavior\BuildLiteBehavior [ RunTime:0.000008s ]
INFO: [ app_init ] --END-- [ RunTime:0.000541s ]
INFO: [ app_begin ] --START--
INFO: Run Behavior\ReadHtmlCacheBehavior [ RunTime:0.000985s ]
INFO: [ app_begin ] --END-- [ RunTime:0.001047s ]
SQL: SHOW COLUMNS FROM `xxjzuser` [ RunTime:0.0045s ]
SQL: SELECT * FROM `xxjzuser` WHERE `username` = 'admin' LIMIT 1   [ RunTime:0.0004s ]
NOTIC: [2] unlink(./Application/Runtime/Temp/19025e8a24e6def40b84b04a07ce26f6.php): No such file or directory Z:\xampp\htdocs\Evo\xxjzWeb-master\ThinkPHP\Library\Think\Cache\Driver\File.class.php 第 157 行.
NOTIC: [2] unlink(./Application/Runtime/Temp/3432100d141a8b7708db09ea64cbd646.php): No such file or directory Z:\xampp\htdocs\Evo\xxjzWeb-master\ThinkPHP\Library\Think\Cache\Driver\File.class.php 第 157 行.
NOTIC: [2] unlink(./Application/Runtime/Temp/d3a8dfbd3121b4a3ceabea32ea538d10.php): No such file or directory Z:\xampp\htdocs\Evo\xxjzWeb-master\ThinkPHP\Library\Think\Cache\Driver\File.class.php 第 157 行.
NOTIC: [2] unlink(./Application/Runtime/Temp/e9c1b81678e0cb7d74bbb28751073562.php): No such file or directory Z:\xampp\htdocs\Evo\xxjzWeb-master\ThinkPHP\Library\Think\Cache\Driver\File.class.php 第 157 行.
NOTIC: [2] unlink(./Application/Runtime/Temp/51f25d28109783f5a017e7a8195d9203.php): No such file or directory Z:\xampp\htdocs\Evo\xxjzWeb-master\ThinkPHP\Library\Think\Cache\Driver\File.class.php 第 157 行.
NOTIC: [2] unlink(./Application/Runtime/Temp/0d7c4e7978b48e6ff322d7df1c99011a.php): No such file or directory Z:\xampp\htdocs\Evo\xxjzWeb-master\ThinkPHP\Library\Think\Cache\Driver\File.class.php 第 157 行.
NOTIC: [2] unlink(./Application/Runtime/Temp/db109f8b299b6bb900d9b4d53fc91ebc.php): No such file or directory Z:\xampp\htdocs\Evo\xxjzWeb-master\ThinkPHP\Library\Think\Cache\Driver\File.class.php 第 157 行.
NOTIC: [2] unlink(./Application/Runtime/Temp/5469c0033ebe75231356816c1c5608ef.php): No such file or directory Z:\xampp\htdocs\Evo\xxjzWeb-master\ThinkPHP\Library\Think\Cache\Driver\File.class.php 第 157 行.
NOTIC: [2] unlink(./Application/Runtime/Temp/0a5073c44df96476d2b9454fc2fc9006.php): No such file or directory Z:\xampp\htdocs\Evo\xxjzWeb-master\ThinkPHP\Library\Think\Cache\Driver\File.class.php 第 157 行.
NOTIC: [2] unlink(./Application/Runtime/Temp/25b836c4b97d69ef97a9ba2119f6ce1c.php): No such file or directory Z:\xampp\htdocs\Evo\xxjzWeb-master\ThinkPHP\Library\Think\Cache\Driver\File.class.php 第 157 行.
NOTIC: [2] unlink(./Application/Runtime/Temp/d08d9752770fa51261511f0be3e9801c.php): No such file or directory Z:\xampp\htdocs\Evo\xxjzWeb-master\ThinkPHP\Library\Think\Cache\Driver\File.class.php 第 157 行.
NOTIC: [2] unlink(./Application/Runtime/Temp/017e30ffba9d7590e7ed66bb780298ca.php): No such file or directory Z:\xampp\htdocs\Evo\xxjzWeb-master\ThinkPHP\Library\Think\Cache\Driver\File.class.php 第 157 行.
NOTIC: [2] unlink(./Application/Runtime/Temp/473015e926deccb8d3f0f62c5f1fab7a.php): No such file or directory Z:\xampp\htdocs\Evo\xxjzWeb-master\ThinkPHP\Library\Think\Cache\Driver\File.class.php 第 157 行.
NOTIC: [2] unlink(./Application/Runtime/Temp/39551e7974c4a6d8ce441728f1098ef2.php): No such file or directory Z:\xampp\htdocs\Evo\xxjzWeb-master\ThinkPHP\Library\Think\Cache\Driver\File.class.php 第 157 行.
NOTIC: [2] unlink(./Application/Runtime/Temp/f60e67711592bb779553190b81e3f2be.php): No such file or directory Z:\xampp\htdocs\Evo\xxjzWeb-master\ThinkPHP\Library\Think\Cache\Driver\File.class.php 第 157 行.

[ 2020-07-19T19:46:27+08:00 ] ::1 /Evo/xxjzWeb-master/index.php?s=/Home/Index/index.html
INFO: [ app_init ] --START--
INFO: Run Behavior\BuildLiteBehavior [ RunTime:0.000009s ]
INFO: [ app_init ] --END-- [ RunTime:0.000444s ]
INFO: [ app_begin ] --START--
INFO: Run Behavior\ReadHtmlCacheBehavior [ RunTime:0.000640s ]
INFO: [ app_begin ] --END-- [ RunTime:0.000674s ]
SQL: SHOW COLUMNS FROM `xxjzuser` [ RunTime:0.0036s ]
SQL: SELECT `password` FROM `xxjzuser` WHERE `username` = 'admin' LIMIT 1   [ RunTime:0.0003s ]
SQL: SHOW COLUMNS FROM `xxjzaccount` [ RunTime:0.0050s ]
NOTIC: [8] Undefined index: fid Z:\xampp\htdocs\Evo\xxjzWeb-master\Application\Home\Common\function.php 第 1363 行.
NOTIC: [8] Undefined index: acremark Z:\xampp\htdocs\Evo\xxjzWeb-master\Application\Home\Common\function.php 第 1366 行.
NOTIC: [8] Undefined index: starttime Z:\xampp\htdocs\Evo\xxjzWeb-master\Application\Home\Common\function.php 第 1369 行.
NOTIC: [8] Undefined index: endtime Z:\xampp\htdocs\Evo\xxjzWeb-master\Application\Home\Common\function.php 第 1373 行.
NOTIC: [8] Undefined index: acclassid Z:\xampp\htdocs\Evo\xxjzWeb-master\Application\Home\Common\function.php 第 1382 行.
NOTIC: [8] Undefined index: zhifu Z:\xampp\htdocs\Evo\xxjzWeb-master\Application\Home\Common\function.php 第 1385 行.
SQL: SELECT COUNT(*) AS tp_count FROM `xxjzaccount` WHERE `jiid` = 1 LIMIT 1   [ RunTime:0.0007s ]
NOTIC: [8] Undefined index: acremark Z:\xampp\htdocs\Evo\xxjzWeb-master\Application\Home\Common\function.php 第 1322 行.
NOTIC: [8] Undefined index: starttime Z:\xampp\htdocs\Evo\xxjzWeb-master\Application\Home\Common\function.php 第 1325 行.
NOTIC: [8] Undefined index: endtime Z:\xampp\htdocs\Evo\xxjzWeb-master\Application\Home\Common\function.php 第 1329 行.
SQL: SHOW COLUMNS FROM `xxjzaccount_transfer` [ RunTime:0.0037s ]
NOTIC: [8] Undefined index: fid Z:\xampp\htdocs\Evo\xxjzWeb-master\Application\Home\Common\function.php 第 1341 行.
SQL: SELECT COUNT(*) AS tp_count FROM xxjzaccount_transfer transfer LEFT JOIN xxjzaccount_funds AS funds ON funds.fundsid = transfer.source_fid  WHERE transfer.uid = '1' AND transfer.source_fid <> 0 LIMIT 1   [ RunTime:0.0010s ]
NOTIC: [8] Undefined index: acremark Z:\xampp\htdocs\Evo\xxjzWeb-master\Application\Home\Common\function.php 第 1322 行.
NOTIC: [8] Undefined index: starttime Z:\xampp\htdocs\Evo\xxjzWeb-master\Application\Home\Common\function.php 第 1325 行.
NOTIC: [8] Undefined index: endtime Z:\xampp\htdocs\Evo\xxjzWeb-master\Application\Home\Common\function.php 第 1329 行.
NOTIC: [8] Undefined index: fid Z:\xampp\htdocs\Evo\xxjzWeb-master\Application\Home\Common\function.php 第 1349 行.
SQL: SELECT COUNT(*) AS tp_count FROM xxjzaccount_transfer transfer LEFT JOIN xxjzaccount_funds AS funds ON funds.fundsid = transfer.target_fid  WHERE transfer.uid = '1' AND transfer.source_fid <> 0 LIMIT 1   [ RunTime:0.0002s ]
NOTIC: [8] Undefined index: zhifu Z:\xampp\htdocs\Evo\xxjzWeb-master\Application\Home\Common\function.php 第 1415 行.
NOTIC: [8] Undefined index: zhifu Z:\xampp\htdocs\Evo\xxjzWeb-master\Application\Home\Common\function.php 第 1417 行.
NOTIC: [8] Undefined index: fid Z:\xampp\htdocs\Evo\xxjzWeb-master\Application\Home\Common\function.php 第 335 行.
NOTIC: [8] Undefined index: acid Z:\xampp\htdocs\Evo\xxjzWeb-master\Application\Home\Common\function.php 第 338 行.
NOTIC: [8] Undefined index: acremark Z:\xampp\htdocs\Evo\xxjzWeb-master\Application\Home\Common\function.php 第 344 行.
NOTIC: [8] Undefined index: starttime Z:\xampp\htdocs\Evo\xxjzWeb-master\Application\Home\Common\function.php 第 347 行.
NOTIC: [8] Undefined index: endtime Z:\xampp\htdocs\Evo\xxjzWeb-master\Application\Home\Common\function.php 第 351 行.
NOTIC: [8] Undefined index: acclassid Z:\xampp\htdocs\Evo\xxjzWeb-master\Application\Home\Common\function.php 第 360 行.
SQL: SELECT SUM(acmoney) AS tp_Sum FROM `xxjzaccount` WHERE `jiid` = 1 AND `zhifu` = 1 LIMIT 1   [ RunTime:0.0002s ]
NOTIC: [8] Undefined index: fid Z:\xampp\htdocs\Evo\xxjzWeb-master\Application\Home\Common\function.php 第 335 行.
NOTIC: [8] Undefined index: acid Z:\xampp\htdocs\Evo\xxjzWeb-master\Application\Home\Common\function.php 第 338 行.
NOTIC: [8] Undefined index: acremark Z:\xampp\htdocs\Evo\xxjzWeb-master\Application\Home\Common\function.php 第 344 行.
NOTIC: [8] Undefined index: starttime Z:\xampp\htdocs\Evo\xxjzWeb-master\Application\Home\Common\function.php 第 347 行.
NOTIC: [8] Undefined index: endtime Z:\xampp\htdocs\Evo\xxjzWeb-master\Application\Home\Common\function.php 第 351 行.
NOTIC: [8] Undefined index: acclassid Z:\xampp\htdocs\Evo\xxjzWeb-master\Application\Home\Common\function.php 第 360 行.
SQL: SELECT SUM(acmoney) AS tp_Sum FROM `xxjzaccount` WHERE `jiid` = 1 AND `zhifu` = 2 LIMIT 1   [ RunTime:0.0001s ]
NOTIC: [8] Undefined index: acremark Z:\xampp\htdocs\Evo\xxjzWeb-master\Application\Home\Common\function.php 第 1322 行.
NOTIC: [8] Undefined index: starttime Z:\xampp\htdocs\Evo\xxjzWeb-master\Application\Home\Common\function.php 第 1325 行.
NOTIC: [8] Undefined index: endtime Z:\xampp\htdocs\Evo\xxjzWeb-master\Application\Home\Common\function.php 第 1329 行.
NOTIC: [8] Undefined index: fid Z:\xampp\htdocs\Evo\xxjzWeb-master\Application\Home\Common\function.php 第 1341 行.
NOTIC: [8] Undefined index: acremark Z:\xampp\htdocs\Evo\xxjzWeb-master\Application\Home\Common\function.php 第 1322 行.
NOTIC: [8] Undefined index: starttime Z:\xampp\htdocs\Evo\xxjzWeb-master\Application\Home\Common\function.php 第 1325 行.
NOTIC: [8] Undefined index: endtime Z:\xampp\htdocs\Evo\xxjzWeb-master\Application\Home\Common\function.php 第 1329 行.
NOTIC: [8] Undefined index: fid Z:\xampp\htdocs\Evo\xxjzWeb-master\Application\Home\Common\function.php 第 1349 行.
NOTIC: [8] Undefined index: fid Z:\xampp\htdocs\Evo\xxjzWeb-master\Application\Home\Common\function.php 第 1363 行.
NOTIC: [8] Undefined index: acremark Z:\xampp\htdocs\Evo\xxjzWeb-master\Application\Home\Common\function.php 第 1366 行.
NOTIC: [8] Undefined index: starttime Z:\xampp\htdocs\Evo\xxjzWeb-master\Application\Home\Common\function.php 第 1369 行.
NOTIC: [8] Undefined index: endtime Z:\xampp\htdocs\Evo\xxjzWeb-master\Application\Home\Common\function.php 第 1373 行.
NOTIC: [8] Undefined index: acclassid Z:\xampp\htdocs\Evo\xxjzWeb-master\Application\Home\Common\function.php 第 1382 行.
NOTIC: [8] Undefined index: zhifu Z:\xampp\htdocs\Evo\xxjzWeb-master\Application\Home\Common\function.php 第 1385 行.
SQL: SELECT account.acid as id,account.acmoney as money,account.acclassid as classid,class.classname as class,account.acremark as mark,account.actime as time,account.zhifu as typeid,case account.zhifu when 1 then '收入'  when 2 then '支出' end as type,account.fid as fundsid,funds.fundsname as funds,account.jiid as uid FROM xxjzaccount account LEFT JOIN xxjzaccount_funds AS funds ON funds.fundsid = account.fid LEFT JOIN xxjzaccount_class AS class ON class.classid = account.acclassid  WHERE account.jiid = '1' UNION SELECT transfer.tid,transfer.money,0,'转账',transfer.mark,transfer.time,2,'支出',transfer.source_fid,funds.fundsname as funds,transfer.uid FROM xxjzaccount_transfer transfer LEFT JOIN xxjzaccount_funds AS funds ON funds.fundsid = transfer.source_fid  WHERE transfer.uid = '1' AND transfer.source_fid <> 0  UNION SELECT transfer.tid,transfer.money,0,'转账',transfer.mark,transfer.time,1,'收入',transfer.target_fid,funds.fundsname as funds,transfer.uid FROM xxjzaccount_transfer transfer LEFT JOIN xxjzaccount_funds AS funds ON funds.fundsid = transfer.target_fid  WHERE transfer.uid = '1' AND transfer.source_fid <> 0  ORDER BY time DESC, id DESC LIMIT 0,15 [ RunTime:0.0018s ]
SQL: SELECT SUM(acmoney) AS tp_Sum FROM `xxjzaccount` WHERE ( actime >= 1595088000 and actime <= 1595174399 and jiid = '1' and zhifu = '1' ) LIMIT 1   [ RunTime:0.0002s ]
SQL: SELECT SUM(acmoney) AS tp_Sum FROM `xxjzaccount` WHERE ( actime >= 1595088000 and actime <= 1595174399 and jiid = '1' and zhifu = '2' ) LIMIT 1   [ RunTime:0.0002s ]
SQL: SELECT SUM(acmoney) AS tp_Sum FROM `xxjzaccount` WHERE ( actime >= 1593532800 and actime <= 1596124800 and jiid = '1' and zhifu = '1' ) LIMIT 1   [ RunTime:0.0002s ]
SQL: SELECT SUM(acmoney) AS tp_Sum FROM `xxjzaccount` WHERE ( actime >= 1593532800 and actime <= 1596124800 and jiid = '1' and zhifu = '2' ) LIMIT 1   [ RunTime:0.0007s ]
SQL: SELECT SUM(acmoney) AS tp_Sum FROM `xxjzaccount` WHERE ( actime >= 1577808000 and actime <= 1609344000 and jiid = '1' and zhifu = '1' ) LIMIT 1   [ RunTime:0.0005s ]
SQL: SELECT SUM(acmoney) AS tp_Sum FROM `xxjzaccount` WHERE ( actime >= 1577808000 and actime <= 1609344000 and jiid = '1' and zhifu = '2' ) LIMIT 1   [ RunTime:0.0002s ]
SQL: SELECT SUM(acmoney) AS tp_Sum FROM `xxjzaccount` WHERE ( actime >= 1594483200 and actime <= 1595174399 and jiid = '1' and zhifu = '1' ) LIMIT 1   [ RunTime:0.0002s ]
SQL: SELECT SUM(acmoney) AS tp_Sum FROM `xxjzaccount` WHERE ( actime >= 1594483200 and actime <= 1595174399 and jiid = '1' and zhifu = '2' ) LIMIT 1   [ RunTime:0.0002s ]
SQL: SELECT SUM(acmoney) AS tp_Sum FROM `xxjzaccount` WHERE ( actime >= 1592582400 and actime <= 1595174399 and jiid = '1' and zhifu = '1' ) LIMIT 1   [ RunTime:0.0002s ]
SQL: SELECT SUM(acmoney) AS tp_Sum FROM `xxjzaccount` WHERE ( actime >= 1592582400 and actime <= 1595174399 and jiid = '1' and zhifu = '2' ) LIMIT 1   [ RunTime:0.0003s ]
SQL: SELECT SUM(acmoney) AS tp_Sum FROM `xxjzaccount` WHERE ( actime >= 1589904000 and actime <= 1595174399 and jiid = '1' and zhifu = '1' ) LIMIT 1   [ RunTime:0.0004s ]
SQL: SELECT SUM(acmoney) AS tp_Sum FROM `xxjzaccount` WHERE ( actime >= 1589904000 and actime <= 1595174399 and jiid = '1' and zhifu = '2' ) LIMIT 1   [ RunTime:0.0011s ]
SQL: SELECT SUM(acmoney) AS tp_Sum FROM `xxjzaccount` WHERE ( actime >= 1587312000 and actime <= 1595174399 and jiid = '1' and zhifu = '1' ) LIMIT 1   [ RunTime:0.0002s ]
SQL: SELECT SUM(acmoney) AS tp_Sum FROM `xxjzaccount` WHERE ( actime >= 1587312000 and actime <= 1595174399 and jiid = '1' and zhifu = '2' ) LIMIT 1   [ RunTime:0.0002s ]
SQL: SELECT SUM(acmoney) AS tp_Sum FROM `xxjzaccount` WHERE ( actime >= 1579449600 and actime <= 1595174399 and jiid = '1' and zhifu = '1' ) LIMIT 1   [ RunTime:0.0001s ]
SQL: SELECT SUM(acmoney) AS tp_Sum FROM `xxjzaccount` WHERE ( actime >= 1579449600 and actime <= 1595174399 and jiid = '1' and zhifu = '2' ) LIMIT 1   [ RunTime:0.0001s ]
SQL: SELECT SUM(acmoney) AS tp_Sum FROM `xxjzaccount` WHERE ( actime >= 1563552000 and actime <= 1595174399 and jiid = '1' and zhifu = '1' ) LIMIT 1   [ RunTime:0.0001s ]
SQL: SELECT SUM(acmoney) AS tp_Sum FROM `xxjzaccount` WHERE ( actime >= 1563552000 and actime <= 1595174399 and jiid = '1' and zhifu = '2' ) LIMIT 1   [ RunTime:0.0001s ]
SQL: SELECT SUM(acmoney) AS tp_Sum FROM `xxjzaccount` WHERE ( actime >= 1595001600 and actime <= 1595087999 and jiid = '1' and zhifu = '1' ) LIMIT 1   [ RunTime:0.0001s ]
SQL: SELECT SUM(acmoney) AS tp_Sum FROM `xxjzaccount` WHERE ( actime >= 1595001600 and actime <= 1595087999 and jiid = '1' and zhifu = '2' ) LIMIT 1   [ RunTime:0.0001s ]
SQL: SELECT SUM(acmoney) AS tp_Sum FROM `xxjzaccount` WHERE ( actime >= 1590940800 and actime <= 1593532799 and jiid = '1' and zhifu = '1' ) LIMIT 1   [ RunTime:0.0001s ]
SQL: SELECT SUM(acmoney) AS tp_Sum FROM `xxjzaccount` WHERE ( actime >= 1590940800 and actime <= 1593532799 and jiid = '1' and zhifu = '2' ) LIMIT 1   [ RunTime:0.0001s ]
SQL: SELECT SUM(acmoney) AS tp_Sum FROM `xxjzaccount` WHERE ( actime >= 1546272000 and actime <= 1577721600 and jiid = '1' and zhifu = '1' ) LIMIT 1   [ RunTime:0.0001s ]
SQL: SELECT SUM(acmoney) AS tp_Sum FROM `xxjzaccount` WHERE ( actime >= 1546272000 and actime <= 1577721600 and jiid = '1' and zhifu = '2' ) LIMIT 1   [ RunTime:0.0001s ]
SQL: SELECT SUM(acmoney) AS tp_Sum FROM `xxjzaccount` WHERE ( jiid = '1' and zhifu = '1' ) LIMIT 1   [ RunTime:0.0002s ]
SQL: SELECT SUM(acmoney) AS tp_Sum FROM `xxjzaccount` WHERE ( jiid = '1' and zhifu = '2' ) LIMIT 1   [ RunTime:0.0002s ]
INFO: [ view_parse ] --START--
INFO: [ template_filter ] --START--
INFO: Run Behavior\ContentReplaceBehavior [ RunTime:0.000125s ]
INFO: [ template_filter ] --END-- [ RunTime:0.000160s ]
INFO: Run Behavior\ParseTemplateBehavior [ RunTime:0.015828s ]
INFO: [ view_parse ] --END-- [ RunTime:0.015860s ]
INFO: [ view_filter ] --START--
INFO: Run Behavior\WriteHtmlCacheBehavior [ RunTime:0.000467s ]
INFO: [ view_filter ] --END-- [ RunTime:0.000488s ]
INFO: [ app_end ] --START--
INFO: Run Behavior\ShowPageTraceBehavior [ RunTime:0.001104s ]
INFO: [ app_end ] --END-- [ RunTime:0.001144s ]

[ 2020-07-19T19:51:15+08:00 ] ::1 /Evo/xxjzWeb-master/index.php?s=/Home/Chart/index
INFO: [ app_init ] --START--
INFO: Run Behavior\BuildLiteBehavior [ RunTime:0.000012s ]
INFO: [ app_init ] --END-- [ RunTime:0.000762s ]
INFO: [ app_begin ] --START--
INFO: Run Behavior\ReadHtmlCacheBehavior [ RunTime:0.001130s ]
INFO: [ app_begin ] --END-- [ RunTime:0.001171s ]
SQL: SHOW COLUMNS FROM `xxjzuser` [ RunTime:0.0039s ]
SQL: SHOW COLUMNS FROM `xxjzaccount_class` [ RunTime:0.0042s ]
SQL: SELECT * FROM `xxjzaccount_class` WHERE `ufid` = 1 AND `classtype` = 1 ORDER BY sort,classid  [ RunTime:0.0003s ]
NOTIC: [8] Undefined variable: ret Z:\xampp\htdocs\Evo\xxjzWeb-master\Application\Home\Common\function.php 第 480 行.
SQL: SELECT * FROM `xxjzaccount_class` WHERE `ufid` = 1 AND `classtype` = 2 ORDER BY sort,classid  [ RunTime:0.0003s ]
NOTIC: [8] Undefined variable: ret Z:\xampp\htdocs\Evo\xxjzWeb-master\Application\Home\Common\function.php 第 480 行.
NOTIC: [2] Invalid argument supplied for foreach() Z:\xampp\htdocs\Evo\xxjzWeb-master\Application\Home\Common\function.php 第 1781 行.
NOTIC: [2] Invalid argument supplied for foreach() Z:\xampp\htdocs\Evo\xxjzWeb-master\Application\Home\Common\function.php 第 1788 行.
NOTIC: [2] Invalid argument supplied for foreach() Z:\xampp\htdocs\Evo\xxjzWeb-master\Application\Home\Common\function.php 第 1781 行.
NOTIC: [2] Invalid argument supplied for foreach() Z:\xampp\htdocs\Evo\xxjzWeb-master\Application\Home\Common\function.php 第 1788 行.
NOTIC: [2] Invalid argument supplied for foreach() Z:\xampp\htdocs\Evo\xxjzWeb-master\Application\Home\Common\function.php 第 1781 行.
NOTIC: [2] Invalid argument supplied for foreach() Z:\xampp\htdocs\Evo\xxjzWeb-master\Application\Home\Common\function.php 第 1788 行.
NOTIC: [2] Invalid argument supplied for foreach() Z:\xampp\htdocs\Evo\xxjzWeb-master\Application\Home\Common\function.php 第 1781 行.
NOTIC: [2] Invalid argument supplied for foreach() Z:\xampp\htdocs\Evo\xxjzWeb-master\Application\Home\Common\function.php 第 1788 行.
NOTIC: [2] Invalid argument supplied for foreach() Z:\xampp\htdocs\Evo\xxjzWeb-master\Application\Home\Common\function.php 第 1781 行.
NOTIC: [2] Invalid argument supplied for foreach() Z:\xampp\htdocs\Evo\xxjzWeb-master\Application\Home\Common\function.php 第 1788 行.
NOTIC: [2] Invalid argument supplied for foreach() Z:\xampp\htdocs\Evo\xxjzWeb-master\Application\Home\Common\function.php 第 1781 行.
NOTIC: [2] Invalid argument supplied for foreach() Z:\xampp\htdocs\Evo\xxjzWeb-master\Application\Home\Common\function.php 第 1788 行.
NOTIC: [2] Invalid argument supplied for foreach() Z:\xampp\htdocs\Evo\xxjzWeb-master\Application\Home\Common\function.php 第 1781 行.
NOTIC: [2] Invalid argument supplied for foreach() Z:\xampp\htdocs\Evo\xxjzWeb-master\Application\Home\Common\function.php 第 1788 行.
NOTIC: [2] Invalid argument supplied for foreach() Z:\xampp\htdocs\Evo\xxjzWeb-master\Application\Home\Common\function.php 第 1781 行.
NOTIC: [2] Invalid argument supplied for foreach() Z:\xampp\htdocs\Evo\xxjzWeb-master\Application\Home\Common\function.php 第 1788 行.
NOTIC: [2] Invalid argument supplied for foreach() Z:\xampp\htdocs\Evo\xxjzWeb-master\Application\Home\Common\function.php 第 1781 行.
NOTIC: [2] Invalid argument supplied for foreach() Z:\xampp\htdocs\Evo\xxjzWeb-master\Application\Home\Common\function.php 第 1788 行.
NOTIC: [2] Invalid argument supplied for foreach() Z:\xampp\htdocs\Evo\xxjzWeb-master\Application\Home\Common\function.php 第 1781 行.
NOTIC: [2] Invalid argument supplied for foreach() Z:\xampp\htdocs\Evo\xxjzWeb-master\Application\Home\Common\function.php 第 1788 行.
NOTIC: [2] Invalid argument supplied for foreach() Z:\xampp\htdocs\Evo\xxjzWeb-master\Application\Home\Common\function.php 第 1781 行.
NOTIC: [2] Invalid argument supplied for foreach() Z:\xampp\htdocs\Evo\xxjzWeb-master\Application\Home\Common\function.php 第 1788 行.
NOTIC: [2] Invalid argument supplied for foreach() Z:\xampp\htdocs\Evo\xxjzWeb-master\Application\Home\Common\function.php 第 1781 行.
NOTIC: [2] Invalid argument supplied for foreach() Z:\xampp\htdocs\Evo\xxjzWeb-master\Application\Home\Common\function.php 第 1788 行.
NOTIC: [8] Undefined variable: mInSumClassMoney Z:\xampp\htdocs\Evo\xxjzWeb-master\Application\Home\Common\function.php 第 1808 行.
NOTIC: [8] Undefined variable: mOutSumClassMoney Z:\xampp\htdocs\Evo\xxjzWeb-master\Application\Home\Common\function.php 第 1809 行.
NOTIC: [2] Invalid argument supplied for foreach() Z:\xampp\htdocs\Evo\xxjzWeb-master\Application\Home\Common\function.php 第 1907 行.
NOTIC: [2] Invalid argument supplied for foreach() Z:\xampp\htdocs\Evo\xxjzWeb-master\Application\Home\Common\function.php 第 1907 行.
INFO: [ view_parse ] --START--
INFO: [ template_filter ] --START--
INFO: Run Behavior\ContentReplaceBehavior [ RunTime:0.000075s ]
INFO: [ template_filter ] --END-- [ RunTime:0.000101s ]
NOTIC: [8] Undefined variable: PushAdminUrl Z:\xampp\htdocs\Evo\xxjzWeb-master\Application\Runtime\Cache\Home\c222922493680472260a522c23da11ab.php 第 90 行.
INFO: Run Behavior\ParseTemplateBehavior [ RunTime:0.012670s ]
INFO: [ view_parse ] --END-- [ RunTime:0.012697s ]
INFO: [ view_filter ] --START--
INFO: Run Behavior\WriteHtmlCacheBehavior [ RunTime:0.000595s ]
INFO: [ view_filter ] --END-- [ RunTime:0.000616s ]
INFO: [ app_end ] --START--
INFO: Run Behavior\ShowPageTraceBehavior [ RunTime:0.001140s ]
INFO: [ app_end ] --END-- [ RunTime:0.001174s ]

[ 2020-07-19T19:52:18+08:00 ] ::1 /Evo/xxjzWeb-master/index.php?s=/Home/User/index
INFO: [ app_init ] --START--
INFO: Run Behavior\BuildLiteBehavior [ RunTime:0.000012s ]
INFO: [ app_init ] --END-- [ RunTime:0.000633s ]
INFO: [ app_begin ] --START--
INFO: Run Behavior\ReadHtmlCacheBehavior [ RunTime:0.001033s ]
INFO: [ app_begin ] --END-- [ RunTime:0.001078s ]
SQL: SHOW COLUMNS FROM `xxjzuser` [ RunTime:0.0036s ]
SQL: SELECT `email` FROM `xxjzuser` WHERE `uid` = 1 LIMIT 1   [ RunTime:0.0003s ]
INFO: [ view_parse ] --START--
INFO: [ template_filter ] --START--
INFO: Run Behavior\ContentReplaceBehavior [ RunTime:0.000096s ]
INFO: [ template_filter ] --END-- [ RunTime:0.000143s ]
NOTIC: [8] Undefined variable: PushAdminUrl Z:\xampp\htdocs\Evo\xxjzWeb-master\Application\Runtime\Cache\Home\6830cbac89ff06451c77cd8769d6d4ca.php 第 90 行.
INFO: Run Behavior\ParseTemplateBehavior [ RunTime:0.012755s ]
INFO: [ view_parse ] --END-- [ RunTime:0.012782s ]
INFO: [ view_filter ] --START--
INFO: Run Behavior\WriteHtmlCacheBehavior [ RunTime:0.000579s ]
INFO: [ view_filter ] --END-- [ RunTime:0.000635s ]
INFO: [ app_end ] --START--
INFO: Run Behavior\ShowPageTraceBehavior [ RunTime:0.001258s ]
INFO: [ app_end ] --END-- [ RunTime:0.001308s ]

[ 2020-07-19T19:52:23+08:00 ] ::1 /Evo/xxjzWeb-master/index.php?s=/Home/User/index
INFO: [ app_init ] --START--
INFO: Run Behavior\BuildLiteBehavior [ RunTime:0.000011s ]
INFO: [ app_init ] --END-- [ RunTime:0.000505s ]
INFO: [ app_begin ] --START--
INFO: Run Behavior\ReadHtmlCacheBehavior [ RunTime:0.000612s ]
INFO: [ app_begin ] --END-- [ RunTime:0.000642s ]
SQL: SHOW COLUMNS FROM `xxjzuser` [ RunTime:0.0048s ]
SQL: SELECT `email` FROM `xxjzuser` WHERE `uid` = 1 LIMIT 1   [ RunTime:0.0003s ]
INFO: [ view_parse ] --START--
INFO: [ template_filter ] --START--
INFO: Run Behavior\ContentReplaceBehavior [ RunTime:0.000071s ]
INFO: [ template_filter ] --END-- [ RunTime:0.000103s ]
NOTIC: [8] Undefined variable: PushAdminUrl Z:\xampp\htdocs\Evo\xxjzWeb-master\Application\Runtime\Cache\Home\6830cbac89ff06451c77cd8769d6d4ca.php 第 90 行.
INFO: Run Behavior\ParseTemplateBehavior [ RunTime:0.007164s ]
INFO: [ view_parse ] --END-- [ RunTime:0.007195s ]
INFO: [ view_filter ] --START--
INFO: Run Behavior\WriteHtmlCacheBehavior [ RunTime:0.000355s ]
INFO: [ view_filter ] --END-- [ RunTime:0.000374s ]
INFO: [ app_end ] --START--
INFO: Run Behavior\ShowPageTraceBehavior [ RunTime:0.000713s ]
INFO: [ app_end ] --END-- [ RunTime:0.000748s ]

[ 2020-07-19T19:52:40+08:00 ] ::1 /Evo/xxjzWeb-master/index.php?s=/Home/Funds/index
INFO: [ app_init ] --START--
INFO: Run Behavior\BuildLiteBehavior [ RunTime:0.000011s ]
INFO: [ app_init ] --END-- [ RunTime:0.000718s ]
INFO: [ app_begin ] --START--
INFO: Run Behavior\ReadHtmlCacheBehavior [ RunTime:0.001115s ]
INFO: [ app_begin ] --END-- [ RunTime:0.001161s ]
SQL: SHOW COLUMNS FROM `xxjzuser` [ RunTime:0.0040s ]
SQL: SHOW COLUMNS FROM `xxjzaccount_funds` [ RunTime:0.0038s ]
SQL: SELECT COUNT(*) AS tp_count FROM `xxjzaccount_funds` WHERE `uid` = 1 LIMIT 1   [ RunTime:0.0002s ]
SQL: SHOW COLUMNS FROM `xxjzaccount` [ RunTime:0.0028s ]
SQL: SELECT COUNT(acmoney) AS tp_count FROM `xxjzaccount` WHERE `fid` = -1 AND `jiid` = 1 LIMIT 1   [ RunTime:0.0002s ]
SQL: SELECT SUM(acmoney) AS tp_sum FROM `xxjzaccount` WHERE `fid` = -1 AND `jiid` = 1 AND `zhifu` = 1 LIMIT 1   [ RunTime:0.0002s ]
SQL: SELECT SUM(acmoney) AS tp_sum FROM `xxjzaccount` WHERE `fid` = -1 AND `jiid` = 1 AND `zhifu` = 2 LIMIT 1   [ RunTime:0.0001s ]
SQL: SELECT * FROM `xxjzaccount_funds` WHERE `uid` = 1 ORDER BY sort,fundsid  [ RunTime:0.0003s ]
SQL: SHOW COLUMNS FROM `xxjzaccount_transfer` [ RunTime:0.0031s ]
SQL: SELECT COUNT(*) AS tp_count FROM xxjzaccount_transfer transfer WHERE transfer.uid = '1' LIMIT 1   [ RunTime:0.0002s ]
SQL: SELECT transfer.*,source.fundsname as source_fname,target.fundsname as target_fname FROM xxjzaccount_transfer transfer LEFT JOIN xxjzaccount_funds AS target ON transfer.target_fid = target.fundsid LEFT JOIN xxjzaccount_funds AS source ON transfer.source_fid = source.fundsid  WHERE transfer.uid = '1' ORDER BY transfer.time DESC , transfer.tid DESC LIMIT 0,15   [ RunTime:0.0003s ]
INFO: [ view_parse ] --START--
INFO: [ template_filter ] --START--
INFO: Run Behavior\ContentReplaceBehavior [ RunTime:0.000097s ]
INFO: [ template_filter ] --END-- [ RunTime:0.000127s ]
NOTIC: [8] Undefined variable: PushAdminUrl Z:\xampp\htdocs\Evo\xxjzWeb-master\Application\Runtime\Cache\Home\b30cb37fccad853b7a6726e74158e16f.php 第 90 行.
INFO: Run Behavior\ParseTemplateBehavior [ RunTime:0.016613s ]
INFO: [ view_parse ] --END-- [ RunTime:0.016638s ]
INFO: [ view_filter ] --START--
INFO: Run Behavior\WriteHtmlCacheBehavior [ RunTime:0.000473s ]
INFO: [ view_filter ] --END-- [ RunTime:0.000493s ]
INFO: [ app_end ] --START--
INFO: Run Behavior\ShowPageTraceBehavior [ RunTime:0.001478s ]
INFO: [ app_end ] --END-- [ RunTime:0.001772s ]

[ 2020-07-19T19:52:50+08:00 ] ::1 /Evo/xxjzWeb-master/index.php?s=/Home/Funds/index
INFO: [ app_init ] --START--
INFO: Run Behavior\BuildLiteBehavior [ RunTime:0.000007s ]
INFO: [ app_init ] --END-- [ RunTime:0.000353s ]
INFO: [ app_begin ] --START--
INFO: Run Behavior\ReadHtmlCacheBehavior [ RunTime:0.000981s ]
INFO: [ app_begin ] --END-- [ RunTime:0.001029s ]
SQL: SHOW COLUMNS FROM `xxjzuser` [ RunTime:0.0048s ]
SQL: SHOW COLUMNS FROM `xxjzaccount_transfer` [ RunTime:0.0055s ]
SQL: SELECT COUNT(*) AS tp_count FROM xxjzaccount_transfer transfer WHERE transfer.uid = '1' LIMIT 1   [ RunTime:0.0003s ]
SQL: SELECT transfer.*,source.fundsname as source_fname,target.fundsname as target_fname FROM xxjzaccount_transfer transfer LEFT JOIN xxjzaccount_funds AS target ON transfer.target_fid = target.fundsid LEFT JOIN xxjzaccount_funds AS source ON transfer.source_fid = source.fundsid  WHERE transfer.uid = '1' ORDER BY transfer.time DESC , transfer.tid DESC LIMIT 0,15   [ RunTime:0.0003s ]
INFO: [ view_parse ] --START--
INFO: [ template_filter ] --START--
INFO: Run Behavior\ContentReplaceBehavior [ RunTime:0.000123s ]
INFO: [ template_filter ] --END-- [ RunTime:0.000168s ]
NOTIC: [8] Undefined variable: PushAdminUrl Z:\xampp\htdocs\Evo\xxjzWeb-master\Application\Runtime\Cache\Home\b30cb37fccad853b7a6726e74158e16f.php 第 90 行.
INFO: Run Behavior\ParseTemplateBehavior [ RunTime:0.010649s ]
INFO: [ view_parse ] --END-- [ RunTime:0.010684s ]
INFO: [ view_filter ] --START--
INFO: Run Behavior\WriteHtmlCacheBehavior [ RunTime:0.000604s ]
INFO: [ view_filter ] --END-- [ RunTime:0.000640s ]
INFO: [ app_end ] --START--
INFO: Run Behavior\ShowPageTraceBehavior [ RunTime:0.000915s ]
INFO: [ app_end ] --END-- [ RunTime:0.000956s ]

[ 2020-07-19T19:52:53+08:00 ] ::1 /Evo/xxjzWeb-master/index.php?s=/Home/User/index
INFO: [ app_init ] --START--
INFO: Run Behavior\BuildLiteBehavior [ RunTime:0.000012s ]
INFO: [ app_init ] --END-- [ RunTime:0.000542s ]
INFO: [ app_begin ] --START--
INFO: Run Behavior\ReadHtmlCacheBehavior [ RunTime:0.000864s ]
INFO: [ app_begin ] --END-- [ RunTime:0.000909s ]
SQL: SHOW COLUMNS FROM `xxjzuser` [ RunTime:0.0050s ]
SQL: SELECT `email` FROM `xxjzuser` WHERE `uid` = 1 LIMIT 1   [ RunTime:0.0003s ]
INFO: [ view_parse ] --START--
INFO: [ template_filter ] --START--
INFO: Run Behavior\ContentReplaceBehavior [ RunTime:0.000074s ]
INFO: [ template_filter ] --END-- [ RunTime:0.000104s ]
NOTIC: [8] Undefined variable: PushAdminUrl Z:\xampp\htdocs\Evo\xxjzWeb-master\Application\Runtime\Cache\Home\6830cbac89ff06451c77cd8769d6d4ca.php 第 90 行.
INFO: Run Behavior\ParseTemplateBehavior [ RunTime:0.010337s ]
INFO: [ view_parse ] --END-- [ RunTime:0.010399s ]
INFO: [ view_filter ] --START--
INFO: Run Behavior\WriteHtmlCacheBehavior [ RunTime:0.000502s ]
INFO: [ view_filter ] --END-- [ RunTime:0.000533s ]
INFO: [ app_end ] --START--
INFO: Run Behavior\ShowPageTraceBehavior [ RunTime:0.000986s ]
INFO: [ app_end ] --END-- [ RunTime:0.001044s ]

[ 2020-07-19T19:52:57+08:00 ] ::1 /Evo/xxjzWeb-master/index.php?s=/Home/Chart/index
INFO: [ app_init ] --START--
INFO: Run Behavior\BuildLiteBehavior [ RunTime:0.000007s ]
INFO: [ app_init ] --END-- [ RunTime:0.000385s ]
INFO: [ app_begin ] --START--
INFO: Run Behavior\ReadHtmlCacheBehavior [ RunTime:0.000599s ]
INFO: [ app_begin ] --END-- [ RunTime:0.000634s ]
SQL: SHOW COLUMNS FROM `xxjzuser` [ RunTime:0.0038s ]
NOTIC: [2] Invalid argument supplied for foreach() Z:\xampp\htdocs\Evo\xxjzWeb-master\Application\Home\Common\function.php 第 1907 行.
NOTIC: [2] Invalid argument supplied for foreach() Z:\xampp\htdocs\Evo\xxjzWeb-master\Application\Home\Common\function.php 第 1907 行.
INFO: [ view_parse ] --START--
INFO: [ template_filter ] --START--
INFO: Run Behavior\ContentReplaceBehavior [ RunTime:0.000085s ]
INFO: [ template_filter ] --END-- [ RunTime:0.000120s ]
NOTIC: [8] Undefined variable: PushAdminUrl Z:\xampp\htdocs\Evo\xxjzWeb-master\Application\Runtime\Cache\Home\c222922493680472260a522c23da11ab.php 第 90 行.
INFO: Run Behavior\ParseTemplateBehavior [ RunTime:0.010090s ]
INFO: [ view_parse ] --END-- [ RunTime:0.010133s ]
INFO: [ view_filter ] --START--
INFO: Run Behavior\WriteHtmlCacheBehavior [ RunTime:0.000475s ]
INFO: [ view_filter ] --END-- [ RunTime:0.000502s ]
INFO: [ app_end ] --START--
INFO: Run Behavior\ShowPageTraceBehavior [ RunTime:0.000961s ]
INFO: [ app_end ] --END-- [ RunTime:0.001011s ]

[ 2020-07-19T20:46:07+08:00 ] ::1 /Evo/xxjzWeb-master/index.php?s=/Home/Chart/index
INFO: [ app_init ] --START--
INFO: Run Behavior\BuildLiteBehavior [ RunTime:0.000012s ]
INFO: [ app_init ] --END-- [ RunTime:0.001089s ]
INFO: [ app_begin ] --START--
INFO: Run Behavior\ReadHtmlCacheBehavior [ RunTime:0.002316s ]
INFO: [ app_begin ] --END-- [ RunTime:0.002382s ]
SQL: SHOW COLUMNS FROM `xxjzuser` [ RunTime:0.0046s ]
NOTIC: [2] Invalid argument supplied for foreach() Z:\xampp\htdocs\Evo\xxjzWeb-master\Application\Home\Common\function.php 第 1907 行.
NOTIC: [2] Invalid argument supplied for foreach() Z:\xampp\htdocs\Evo\xxjzWeb-master\Application\Home\Common\function.php 第 1907 行.
INFO: [ view_parse ] --START--
INFO: [ template_filter ] --START--
INFO: Run Behavior\ContentReplaceBehavior [ RunTime:0.000090s ]
INFO: [ template_filter ] --END-- [ RunTime:0.000130s ]
NOTIC: [8] Undefined variable: PushAdminUrl Z:\xampp\htdocs\Evo\xxjzWeb-master\Application\Runtime\Cache\Home\c222922493680472260a522c23da11ab.php 第 90 行.
INFO: Run Behavior\ParseTemplateBehavior [ RunTime:0.015574s ]
INFO: [ view_parse ] --END-- [ RunTime:0.015670s ]
INFO: [ view_filter ] --START--
INFO: Run Behavior\WriteHtmlCacheBehavior [ RunTime:0.001308s ]
INFO: [ view_filter ] --END-- [ RunTime:0.001350s ]
INFO: [ app_end ] --START--
INFO: Run Behavior\ShowPageTraceBehavior [ RunTime:0.001952s ]
INFO: [ app_end ] --END-- [ RunTime:0.002005s ]

[ 2020-07-19T20:47:29+08:00 ] ::1 /Evo/xxjzWeb-master/index.php?s=/Home/User/index
INFO: [ app_init ] --START--
INFO: Run Behavior\BuildLiteBehavior [ RunTime:0.000008s ]
INFO: [ app_init ] --END-- [ RunTime:0.000340s ]
INFO: [ app_begin ] --START--
INFO: Run Behavior\ReadHtmlCacheBehavior [ RunTime:0.000882s ]
INFO: [ app_begin ] --END-- [ RunTime:0.000927s ]
SQL: SHOW COLUMNS FROM `xxjzuser` [ RunTime:0.0034s ]
SQL: SELECT `email` FROM `xxjzuser` WHERE `uid` = 1 LIMIT 1   [ RunTime:0.0005s ]
INFO: [ view_parse ] --START--
INFO: [ template_filter ] --START--
INFO: Run Behavior\ContentReplaceBehavior [ RunTime:0.000086s ]
INFO: [ template_filter ] --END-- [ RunTime:0.000123s ]
NOTIC: [8] Undefined variable: PushAdminUrl Z:\xampp\htdocs\Evo\xxjzWeb-master\Application\Runtime\Cache\Home\6830cbac89ff06451c77cd8769d6d4ca.php 第 90 行.
INFO: Run Behavior\ParseTemplateBehavior [ RunTime:0.011616s ]
INFO: [ view_parse ] --END-- [ RunTime:0.011680s ]
INFO: [ view_filter ] --START--
INFO: Run Behavior\WriteHtmlCacheBehavior [ RunTime:0.000554s ]
INFO: [ view_filter ] --END-- [ RunTime:0.000594s ]
INFO: [ app_end ] --START--
INFO: Run Behavior\ShowPageTraceBehavior [ RunTime:0.000943s ]
INFO: [ app_end ] --END-- [ RunTime:0.000986s ]

[ 2020-07-19T20:47:55+08:00 ] ::1 /Evo/xxjzWeb-master/index.php?s=/Home/Class/index
INFO: [ app_init ] --START--
INFO: Run Behavior\BuildLiteBehavior [ RunTime:0.000010s ]
INFO: [ app_init ] --END-- [ RunTime:0.000586s ]
INFO: [ app_begin ] --START--
INFO: Run Behavior\ReadHtmlCacheBehavior [ RunTime:0.000934s ]
INFO: [ app_begin ] --END-- [ RunTime:0.000975s ]
SQL: SHOW COLUMNS FROM `xxjzuser` [ RunTime:0.0054s ]
SQL: SHOW COLUMNS FROM `xxjzaccount_class` [ RunTime:0.0026s ]
NOTIC: [8] Undefined variable: ret Z:\xampp\htdocs\Evo\xxjzWeb-master\Application\Home\Common\function.php 第 480 行.
NOTIC: [8] Undefined variable: ret Z:\xampp\htdocs\Evo\xxjzWeb-master\Application\Home\Common\function.php 第 480 行.
INFO: [ view_parse ] --START--
INFO: [ template_filter ] --START--
INFO: Run Behavior\ContentReplaceBehavior [ RunTime:0.000081s ]
INFO: [ template_filter ] --END-- [ RunTime:0.000114s ]
NOTIC: [8] Undefined variable: PushAdminUrl Z:\xampp\htdocs\Evo\xxjzWeb-master\Application\Runtime\Cache\Home\7fde59dcc6730b00f0ea2d8c62973961.php 第 90 行.
INFO: Run Behavior\ParseTemplateBehavior [ RunTime:0.009323s ]
INFO: [ view_parse ] --END-- [ RunTime:0.009350s ]
INFO: [ view_filter ] --START--
INFO: Run Behavior\WriteHtmlCacheBehavior [ RunTime:0.000619s ]
INFO: [ view_filter ] --END-- [ RunTime:0.000663s ]
INFO: [ app_end ] --START--
INFO: Run Behavior\ShowPageTraceBehavior [ RunTime:0.000950s ]
INFO: [ app_end ] --END-- [ RunTime:0.001008s ]

[ 2020-07-19T20:49:06+08:00 ] ::1 /Evo/xxjzWeb-master/index.php?s=/Home/Login/logout
INFO: [ app_init ] --START--
INFO: Run Behavior\BuildLiteBehavior [ RunTime:0.000012s ]
INFO: [ app_init ] --END-- [ RunTime:0.000838s ]
INFO: [ app_begin ] --START--
INFO: Run Behavior\ReadHtmlCacheBehavior [ RunTime:0.001351s ]
INFO: [ app_begin ] --END-- [ RunTime:0.001401s ]
NOTIC: [2] unlink(./Application/Runtime/Temp/e9c1b81678e0cb7d74bbb28751073562.php): No such file or directory Z:\xampp\htdocs\Evo\xxjzWeb-master\ThinkPHP\Library\Think\Cache\Driver\File.class.php 第 157 行.
NOTIC: [2] unlink(./Application/Runtime/Temp/51f25d28109783f5a017e7a8195d9203.php): No such file or directory Z:\xampp\htdocs\Evo\xxjzWeb-master\ThinkPHP\Library\Think\Cache\Driver\File.class.php 第 157 行.
NOTIC: [2] unlink(./Application/Runtime/Temp/0a5073c44df96476d2b9454fc2fc9006.php): No such file or directory Z:\xampp\htdocs\Evo\xxjzWeb-master\ThinkPHP\Library\Think\Cache\Driver\File.class.php 第 157 行.
NOTIC: [2] unlink(./Application/Runtime/Temp/d08d9752770fa51261511f0be3e9801c.php): No such file or directory Z:\xampp\htdocs\Evo\xxjzWeb-master\ThinkPHP\Library\Think\Cache\Driver\File.class.php 第 157 行.
NOTIC: [2] unlink(./Application/Runtime/Temp/017e30ffba9d7590e7ed66bb780298ca.php): No such file or directory Z:\xampp\htdocs\Evo\xxjzWeb-master\ThinkPHP\Library\Think\Cache\Driver\File.class.php 第 157 行.
NOTIC: [2] unlink(./Application/Runtime/Temp/473015e926deccb8d3f0f62c5f1fab7a.php): No such file or directory Z:\xampp\htdocs\Evo\xxjzWeb-master\ThinkPHP\Library\Think\Cache\Driver\File.class.php 第 157 行.
NOTIC: [2] unlink(./Application/Runtime/Temp/39551e7974c4a6d8ce441728f1098ef2.php): No such file or directory Z:\xampp\htdocs\Evo\xxjzWeb-master\ThinkPHP\Library\Think\Cache\Driver\File.class.php 第 157 行.
NOTIC: [2] unlink(./Application/Runtime/Temp/f60e67711592bb779553190b81e3f2be.php): No such file or directory Z:\xampp\htdocs\Evo\xxjzWeb-master\ThinkPHP\Library\Think\Cache\Driver\File.class.php 第 157 行.

[ 2020-07-19T20:49:06+08:00 ] ::1 /Evo/xxjzWeb-master/index.php?s=/Home/Login/index.html
INFO: [ app_init ] --START--
INFO: Run Behavior\BuildLiteBehavior [ RunTime:0.000009s ]
INFO: [ app_init ] --END-- [ RunTime:0.000564s ]
INFO: [ app_begin ] --START--
INFO: Run Behavior\ReadHtmlCacheBehavior [ RunTime:0.000742s ]
INFO: [ app_begin ] --END-- [ RunTime:0.000784s ]
INFO: [ view_parse ] --START--
INFO: [ template_filter ] --START--
INFO: Run Behavior\ContentReplaceBehavior [ RunTime:0.000070s ]
INFO: [ template_filter ] --END-- [ RunTime:0.000100s ]
INFO: Run Behavior\ParseTemplateBehavior [ RunTime:0.012940s ]
INFO: [ view_parse ] --END-- [ RunTime:0.012980s ]
INFO: [ view_filter ] --START--
INFO: Run Behavior\WriteHtmlCacheBehavior [ RunTime:0.000899s ]
INFO: [ view_filter ] --END-- [ RunTime:0.000947s ]
INFO: [ app_end ] --START--
INFO: Run Behavior\ShowPageTraceBehavior [ RunTime:0.001579s ]
INFO: [ app_end ] --END-- [ RunTime:0.001678s ]

[ 2020-07-19T20:53:50+08:00 ] ::1 /Evo/xxjzWeb-master/index.php?s=/Home/Login/index_en.html
INFO: [ app_init ] --START--
INFO: Run Behavior\BuildLiteBehavior [ RunTime:0.000011s ]
INFO: [ app_init ] --END-- [ RunTime:0.000607s ]
INFO: [ app_begin ] --START--
INFO: Run Behavior\ReadHtmlCacheBehavior [ RunTime:0.000922s ]
INFO: [ app_begin ] --END-- [ RunTime:0.000966s ]
INFO: [ view_parse ] --START--
INFO: [ template_filter ] --START--
INFO: Run Behavior\ContentReplaceBehavior [ RunTime:0.000071s ]
INFO: [ template_filter ] --END-- [ RunTime:0.000100s ]
INFO: Run Behavior\ParseTemplateBehavior [ RunTime:0.008840s ]
INFO: [ view_parse ] --END-- [ RunTime:0.008891s ]
INFO: [ view_filter ] --START--
INFO: Run Behavior\WriteHtmlCacheBehavior [ RunTime:0.000657s ]
INFO: [ view_filter ] --END-- [ RunTime:0.000702s ]
INFO: [ app_end ] --START--
INFO: Run Behavior\ShowPageTraceBehavior [ RunTime:0.001280s ]
INFO: [ app_end ] --END-- [ RunTime:0.001331s ]

[ 2020-07-19T20:55:11+08:00 ] ::1 /Evo/xxjzWeb-master/index.php?s=/Home/Login/index_en.html
INFO: [ app_init ] --START--
INFO: Run Behavior\BuildLiteBehavior [ RunTime:0.000012s ]
INFO: [ app_init ] --END-- [ RunTime:0.000533s ]
INFO: [ app_begin ] --START--
INFO: Run Behavior\ReadHtmlCacheBehavior [ RunTime:0.000955s ]
INFO: [ app_begin ] --END-- [ RunTime:0.001001s ]
INFO: [ view_parse ] --START--
INFO: [ template_filter ] --START--
INFO: Run Behavior\ContentReplaceBehavior [ RunTime:0.000096s ]
INFO: [ template_filter ] --END-- [ RunTime:0.000141s ]
INFO: Run Behavior\ParseTemplateBehavior [ RunTime:0.014444s ]
INFO: [ view_parse ] --END-- [ RunTime:0.014490s ]
INFO: [ view_filter ] --START--
INFO: Run Behavior\WriteHtmlCacheBehavior [ RunTime:0.000583s ]
INFO: [ view_filter ] --END-- [ RunTime:0.000620s ]
INFO: [ app_end ] --START--
INFO: Run Behavior\ShowPageTraceBehavior [ RunTime:0.001088s ]
INFO: [ app_end ] --END-- [ RunTime:0.001144s ]

[ 2020-07-19T21:02:37+08:00 ] ::1 /Evo/xxjzWeb-master/
INFO: [ app_init ] --START--
INFO: Run Behavior\BuildLiteBehavior [ RunTime:0.000017s ]
INFO: [ app_init ] --END-- [ RunTime:0.000868s ]
INFO: [ app_begin ] --START--
INFO: Run Behavior\ReadHtmlCacheBehavior [ RunTime:0.002720s ]
INFO: [ app_begin ] --END-- [ RunTime:0.002778s ]

[ 2020-07-19T21:02:37+08:00 ] ::1 /Evo/xxjzWeb-master/index.php?s=/Home/Login/index.html
INFO: [ app_init ] --START--
INFO: Run Behavior\BuildLiteBehavior [ RunTime:0.000013s ]
INFO: [ app_init ] --END-- [ RunTime:0.000591s ]
INFO: [ app_begin ] --START--
INFO: Run Behavior\ReadHtmlCacheBehavior [ RunTime:0.000664s ]
INFO: [ app_begin ] --END-- [ RunTime:0.000705s ]
INFO: [ view_parse ] --START--
INFO: [ template_filter ] --START--
INFO: Run Behavior\ContentReplaceBehavior [ RunTime:0.000069s ]
INFO: [ template_filter ] --END-- [ RunTime:0.000099s ]
INFO: Run Behavior\ParseTemplateBehavior [ RunTime:0.017603s ]
INFO: [ view_parse ] --END-- [ RunTime:0.017661s ]
INFO: [ view_filter ] --START--
INFO: Run Behavior\WriteHtmlCacheBehavior [ RunTime:0.000965s ]
INFO: [ view_filter ] --END-- [ RunTime:0.001006s ]
INFO: [ app_end ] --START--
INFO: Run Behavior\ShowPageTraceBehavior [ RunTime:0.001541s ]
INFO: [ app_end ] --END-- [ RunTime:0.001606s ]

