[ 2020-07-23T10:12:01+08:00 ] ::1 /Evo/xxjzWeb-master/
INFO: [ app_init ] --START--
INFO: Run Behavior\BuildLiteBehavior [ RunTime:0.000024s ]
INFO: [ app_init ] --END-- [ RunTime:0.000976s ]
INFO: [ app_begin ] --START--
INFO: Run Behavior\ReadHtmlCacheBehavior [ RunTime:0.001525s ]
INFO: [ app_begin ] --END-- [ RunTime:0.001576s ]
SQL: SHOW COLUMNS FROM `xxjzuser` [ RunTime:0.0115s ]
SQL: SHOW COLUMNS FROM `xxjzaccount` [ RunTime:0.0115s ]
NOTIC: [8] Undefined index: fid Z:\xampp\htdocs\Evo\xxjzWeb-master\Application\Home\Common\function.php 第 1363 行.
NOTIC: [8] Undefined index: acremark Z:\xampp\htdocs\Evo\xxjzWeb-master\Application\Home\Common\function.php 第 1366 行.
NOTIC: [8] Undefined index: starttime Z:\xampp\htdocs\Evo\xxjzWeb-master\Application\Home\Common\function.php 第 1369 行.
NOTIC: [8] Undefined index: endtime Z:\xampp\htdocs\Evo\xxjzWeb-master\Application\Home\Common\function.php 第 1373 行.
NOTIC: [8] Undefined index: acclassid Z:\xampp\htdocs\Evo\xxjzWeb-master\Application\Home\Common\function.php 第 1382 行.
NOTIC: [8] Undefined index: zhifu Z:\xampp\htdocs\Evo\xxjzWeb-master\Application\Home\Common\function.php 第 1385 行.
SQL: SELECT COUNT(*) AS tp_count FROM `xxjzaccount` WHERE `jiid` = 1 LIMIT 1   [ RunTime:0.0003s ]
NOTIC: [8] Undefined index: acremark Z:\xampp\htdocs\Evo\xxjzWeb-master\Application\Home\Common\function.php 第 1322 行.
NOTIC: [8] Undefined index: starttime Z:\xampp\htdocs\Evo\xxjzWeb-master\Application\Home\Common\function.php 第 1325 行.
NOTIC: [8] Undefined index: endtime Z:\xampp\htdocs\Evo\xxjzWeb-master\Application\Home\Common\function.php 第 1329 行.
SQL: SHOW COLUMNS FROM `xxjzaccount_transfer` [ RunTime:0.0166s ]
NOTIC: [8] Undefined index: fid Z:\xampp\htdocs\Evo\xxjzWeb-master\Application\Home\Common\function.php 第 1341 行.
SQL: SELECT COUNT(*) AS tp_count FROM xxjzaccount_transfer transfer LEFT JOIN xxjzaccount_funds AS funds ON funds.fundsid = transfer.source_fid  WHERE transfer.uid = '1' AND transfer.source_fid <> 0 LIMIT 1   [ RunTime:0.0130s ]
NOTIC: [8] Undefined index: acremark Z:\xampp\htdocs\Evo\xxjzWeb-master\Application\Home\Common\function.php 第 1322 行.
NOTIC: [8] Undefined index: starttime Z:\xampp\htdocs\Evo\xxjzWeb-master\Application\Home\Common\function.php 第 1325 行.
NOTIC: [8] Undefined index: endtime Z:\xampp\htdocs\Evo\xxjzWeb-master\Application\Home\Common\function.php 第 1329 行.
NOTIC: [8] Undefined index: fid Z:\xampp\htdocs\Evo\xxjzWeb-master\Application\Home\Common\function.php 第 1349 行.
SQL: SELECT COUNT(*) AS tp_count FROM xxjzaccount_transfer transfer LEFT JOIN xxjzaccount_funds AS funds ON funds.fundsid = transfer.target_fid  WHERE transfer.uid = '1' AND transfer.source_fid <> 0 LIMIT 1   [ RunTime:0.0006s ]
NOTIC: [8] Undefined index: zhifu Z:\xampp\htdocs\Evo\xxjzWeb-master\Application\Home\Common\function.php 第 1415 行.
NOTIC: [8] Undefined index: zhifu Z:\xampp\htdocs\Evo\xxjzWeb-master\Application\Home\Common\function.php 第 1417 行.
NOTIC: [8] Undefined index: fid Z:\xampp\htdocs\Evo\xxjzWeb-master\Application\Home\Common\function.php 第 335 行.
NOTIC: [8] Undefined index: acid Z:\xampp\htdocs\Evo\xxjzWeb-master\Application\Home\Common\function.php 第 338 行.
NOTIC: [8] Undefined index: acremark Z:\xampp\htdocs\Evo\xxjzWeb-master\Application\Home\Common\function.php 第 344 行.
NOTIC: [8] Undefined index: starttime Z:\xampp\htdocs\Evo\xxjzWeb-master\Application\Home\Common\function.php 第 347 行.
NOTIC: [8] Undefined index: endtime Z:\xampp\htdocs\Evo\xxjzWeb-master\Application\Home\Common\function.php 第 351 行.
NOTIC: [8] Undefined index: acclassid Z:\xampp\htdocs\Evo\xxjzWeb-master\Application\Home\Common\function.php 第 360 行.
SQL: SELECT SUM(acmoney) AS tp_Sum FROM `xxjzaccount` WHERE `jiid` = 1 AND `zhifu` = 1 LIMIT 1   [ RunTime:0.0005s ]
NOTIC: [8] Undefined index: fid Z:\xampp\htdocs\Evo\xxjzWeb-master\Application\Home\Common\function.php 第 335 行.
NOTIC: [8] Undefined index: acid Z:\xampp\htdocs\Evo\xxjzWeb-master\Application\Home\Common\function.php 第 338 行.
NOTIC: [8] Undefined index: acremark Z:\xampp\htdocs\Evo\xxjzWeb-master\Application\Home\Common\function.php 第 344 行.
NOTIC: [8] Undefined index: starttime Z:\xampp\htdocs\Evo\xxjzWeb-master\Application\Home\Common\function.php 第 347 行.
NOTIC: [8] Undefined index: endtime Z:\xampp\htdocs\Evo\xxjzWeb-master\Application\Home\Common\function.php 第 351 行.
NOTIC: [8] Undefined index: acclassid Z:\xampp\htdocs\Evo\xxjzWeb-master\Application\Home\Common\function.php 第 360 行.
SQL: SELECT SUM(acmoney) AS tp_Sum FROM `xxjzaccount` WHERE `jiid` = 1 AND `zhifu` = 2 LIMIT 1   [ RunTime:0.0003s ]
NOTIC: [8] Undefined index: acremark Z:\xampp\htdocs\Evo\xxjzWeb-master\Application\Home\Common\function.php 第 1322 行.
NOTIC: [8] Undefined index: starttime Z:\xampp\htdocs\Evo\xxjzWeb-master\Application\Home\Common\function.php 第 1325 行.
NOTIC: [8] Undefined index: endtime Z:\xampp\htdocs\Evo\xxjzWeb-master\Application\Home\Common\function.php 第 1329 行.
NOTIC: [8] Undefined index: fid Z:\xampp\htdocs\Evo\xxjzWeb-master\Application\Home\Common\function.php 第 1341 行.
NOTIC: [8] Undefined index: acremark Z:\xampp\htdocs\Evo\xxjzWeb-master\Application\Home\Common\function.php 第 1322 行.
NOTIC: [8] Undefined index: starttime Z:\xampp\htdocs\Evo\xxjzWeb-master\Application\Home\Common\function.php 第 1325 行.
NOTIC: [8] Undefined index: endtime Z:\xampp\htdocs\Evo\xxjzWeb-master\Application\Home\Common\function.php 第 1329 行.
NOTIC: [8] Undefined index: fid Z:\xampp\htdocs\Evo\xxjzWeb-master\Application\Home\Common\function.php 第 1349 行.
NOTIC: [8] Undefined index: fid Z:\xampp\htdocs\Evo\xxjzWeb-master\Application\Home\Common\function.php 第 1363 行.
NOTIC: [8] Undefined index: acremark Z:\xampp\htdocs\Evo\xxjzWeb-master\Application\Home\Common\function.php 第 1366 行.
NOTIC: [8] Undefined index: starttime Z:\xampp\htdocs\Evo\xxjzWeb-master\Application\Home\Common\function.php 第 1369 行.
NOTIC: [8] Undefined index: endtime Z:\xampp\htdocs\Evo\xxjzWeb-master\Application\Home\Common\function.php 第 1373 行.
NOTIC: [8] Undefined index: acclassid Z:\xampp\htdocs\Evo\xxjzWeb-master\Application\Home\Common\function.php 第 1382 行.
NOTIC: [8] Undefined index: zhifu Z:\xampp\htdocs\Evo\xxjzWeb-master\Application\Home\Common\function.php 第 1385 行.
SQL: SELECT account.acid as id,account.acmoney as money,account.acclassid as classid,class.classname as class,account.acremark as mark,account.actime as time,account.zhifu as typeid,case account.zhifu when 1 then '收入'  when 2 then '支出' end as type,account.fid as fundsid,funds.fundsname as funds,account.jiid as uid FROM xxjzaccount account LEFT JOIN xxjzaccount_funds AS funds ON funds.fundsid = account.fid LEFT JOIN xxjzaccount_class AS class ON class.classid = account.acclassid  WHERE account.jiid = '1' UNION SELECT transfer.tid,transfer.money,0,'转账',transfer.mark,transfer.time,2,'支出',transfer.source_fid,funds.fundsname as funds,transfer.uid FROM xxjzaccount_transfer transfer LEFT JOIN xxjzaccount_funds AS funds ON funds.fundsid = transfer.source_fid  WHERE transfer.uid = '1' AND transfer.source_fid <> 0  UNION SELECT transfer.tid,transfer.money,0,'转账',transfer.mark,transfer.time,1,'收入',transfer.target_fid,funds.fundsname as funds,transfer.uid FROM xxjzaccount_transfer transfer LEFT JOIN xxjzaccount_funds AS funds ON funds.fundsid = transfer.target_fid  WHERE transfer.uid = '1' AND transfer.source_fid <> 0  ORDER BY time DESC, id DESC LIMIT 0,15 [ RunTime:0.0048s ]
SQL: SELECT SUM(acmoney) AS tp_Sum FROM `xxjzaccount` WHERE ( actime >= 1595433600 and actime <= 1595519999 and jiid = '1' and zhifu = '1' ) LIMIT 1   [ RunTime:0.0005s ]
SQL: SELECT SUM(acmoney) AS tp_Sum FROM `xxjzaccount` WHERE ( actime >= 1595433600 and actime <= 1595519999 and jiid = '1' and zhifu = '2' ) LIMIT 1   [ RunTime:0.0003s ]
SQL: SELECT SUM(acmoney) AS tp_Sum FROM `xxjzaccount` WHERE ( actime >= 1593532800 and actime <= 1596124800 and jiid = '1' and zhifu = '1' ) LIMIT 1   [ RunTime:0.0011s ]
SQL: SELECT SUM(acmoney) AS tp_Sum FROM `xxjzaccount` WHERE ( actime >= 1593532800 and actime <= 1596124800 and jiid = '1' and zhifu = '2' ) LIMIT 1   [ RunTime:0.0067s ]
SQL: SELECT SUM(acmoney) AS tp_Sum FROM `xxjzaccount` WHERE ( actime >= 1577808000 and actime <= 1609344000 and jiid = '1' and zhifu = '1' ) LIMIT 1   [ RunTime:0.0091s ]
SQL: SELECT SUM(acmoney) AS tp_Sum FROM `xxjzaccount` WHERE ( actime >= 1577808000 and actime <= 1609344000 and jiid = '1' and zhifu = '2' ) LIMIT 1   [ RunTime:0.0026s ]
SQL: SELECT SUM(acmoney) AS tp_Sum FROM `xxjzaccount` WHERE ( actime >= 1594828800 and actime <= 1595519999 and jiid = '1' and zhifu = '1' ) LIMIT 1   [ RunTime:0.0009s ]
SQL: SELECT SUM(acmoney) AS tp_Sum FROM `xxjzaccount` WHERE ( actime >= 1594828800 and actime <= 1595519999 and jiid = '1' and zhifu = '2' ) LIMIT 1   [ RunTime:0.0004s ]
SQL: SELECT SUM(acmoney) AS tp_Sum FROM `xxjzaccount` WHERE ( actime >= 1592928000 and actime <= 1595519999 and jiid = '1' and zhifu = '1' ) LIMIT 1   [ RunTime:0.0022s ]
SQL: SELECT SUM(acmoney) AS tp_Sum FROM `xxjzaccount` WHERE ( actime >= 1592928000 and actime <= 1595519999 and jiid = '1' and zhifu = '2' ) LIMIT 1   [ RunTime:0.0004s ]
SQL: SELECT SUM(acmoney) AS tp_Sum FROM `xxjzaccount` WHERE ( actime >= 1590249600 and actime <= 1595519999 and jiid = '1' and zhifu = '1' ) LIMIT 1   [ RunTime:0.0006s ]
SQL: SELECT SUM(acmoney) AS tp_Sum FROM `xxjzaccount` WHERE ( actime >= 1590249600 and actime <= 1595519999 and jiid = '1' and zhifu = '2' ) LIMIT 1   [ RunTime:0.0004s ]
SQL: SELECT SUM(acmoney) AS tp_Sum FROM `xxjzaccount` WHERE ( actime >= 1587657600 and actime <= 1595519999 and jiid = '1' and zhifu = '1' ) LIMIT 1   [ RunTime:0.0006s ]
SQL: SELECT SUM(acmoney) AS tp_Sum FROM `xxjzaccount` WHERE ( actime >= 1587657600 and actime <= 1595519999 and jiid = '1' and zhifu = '2' ) LIMIT 1   [ RunTime:0.0003s ]
SQL: SELECT SUM(acmoney) AS tp_Sum FROM `xxjzaccount` WHERE ( actime >= 1579795200 and actime <= 1595519999 and jiid = '1' and zhifu = '1' ) LIMIT 1   [ RunTime:0.0004s ]
SQL: SELECT SUM(acmoney) AS tp_Sum FROM `xxjzaccount` WHERE ( actime >= 1579795200 and actime <= 1595519999 and jiid = '1' and zhifu = '2' ) LIMIT 1   [ RunTime:0.0004s ]
SQL: SELECT SUM(acmoney) AS tp_Sum FROM `xxjzaccount` WHERE ( actime >= 1563897600 and actime <= 1595519999 and jiid = '1' and zhifu = '1' ) LIMIT 1   [ RunTime:0.0003s ]
SQL: SELECT SUM(acmoney) AS tp_Sum FROM `xxjzaccount` WHERE ( actime >= 1563897600 and actime <= 1595519999 and jiid = '1' and zhifu = '2' ) LIMIT 1   [ RunTime:0.0003s ]
SQL: SELECT SUM(acmoney) AS tp_Sum FROM `xxjzaccount` WHERE ( actime >= 1595347200 and actime <= 1595433599 and jiid = '1' and zhifu = '1' ) LIMIT 1   [ RunTime:0.0004s ]
SQL: SELECT SUM(acmoney) AS tp_Sum FROM `xxjzaccount` WHERE ( actime >= 1595347200 and actime <= 1595433599 and jiid = '1' and zhifu = '2' ) LIMIT 1   [ RunTime:0.0003s ]
SQL: SELECT SUM(acmoney) AS tp_Sum FROM `xxjzaccount` WHERE ( actime >= 1590940800 and actime <= 1593532799 and jiid = '1' and zhifu = '1' ) LIMIT 1   [ RunTime:0.0004s ]
SQL: SELECT SUM(acmoney) AS tp_Sum FROM `xxjzaccount` WHERE ( actime >= 1590940800 and actime <= 1593532799 and jiid = '1' and zhifu = '2' ) LIMIT 1   [ RunTime:0.0003s ]
SQL: SELECT SUM(acmoney) AS tp_Sum FROM `xxjzaccount` WHERE ( actime >= 1546272000 and actime <= 1577721600 and jiid = '1' and zhifu = '1' ) LIMIT 1   [ RunTime:0.0003s ]
SQL: SELECT SUM(acmoney) AS tp_Sum FROM `xxjzaccount` WHERE ( actime >= 1546272000 and actime <= 1577721600 and jiid = '1' and zhifu = '2' ) LIMIT 1   [ RunTime:0.0015s ]
SQL: SELECT SUM(acmoney) AS tp_Sum FROM `xxjzaccount` WHERE ( jiid = '1' and zhifu = '1' ) LIMIT 1   [ RunTime:0.0074s ]
SQL: SELECT SUM(acmoney) AS tp_Sum FROM `xxjzaccount` WHERE ( jiid = '1' and zhifu = '2' ) LIMIT 1   [ RunTime:0.0021s ]
INFO: [ view_parse ] --START--
INFO: [ template_filter ] --START--
INFO: Run Behavior\ContentReplaceBehavior [ RunTime:0.000121s ]
INFO: [ template_filter ] --END-- [ RunTime:0.000163s ]
INFO: Run Behavior\ParseTemplateBehavior [ RunTime:0.031637s ]
INFO: [ view_parse ] --END-- [ RunTime:0.031691s ]
INFO: [ view_filter ] --START--
INFO: Run Behavior\WriteHtmlCacheBehavior [ RunTime:0.000957s ]
INFO: [ view_filter ] --END-- [ RunTime:0.000995s ]
INFO: [ app_end ] --START--
INFO: Run Behavior\ShowPageTraceBehavior [ RunTime:0.001594s ]
INFO: [ app_end ] --END-- [ RunTime:0.001647s ]

