[ 2020-07-21T14:02:47+08:00 ] 127.0.0.1 /Evo/xxjzWeb-master/
INFO: [ app_init ] --START--
INFO: Run Behavior\BuildLiteBehavior [ RunTime:0.000011s ]
INFO: [ app_init ] --END-- [ RunTime:0.002154s ]
INFO: [ app_begin ] --START--
INFO: Run Behavior\ReadHtmlCacheBehavior [ RunTime:0.002280s ]
INFO: [ app_begin ] --END-- [ RunTime:0.002344s ]

[ 2020-07-21T14:02:47+08:00 ] 127.0.0.1 /Evo/xxjzWeb-master/index.php?s=/Home/Login/index.html
INFO: [ app_init ] --START--
INFO: Run Behavior\BuildLiteBehavior [ RunTime:0.000007s ]
INFO: [ app_init ] --END-- [ RunTime:0.000456s ]
INFO: [ app_begin ] --START--
INFO: Run Behavior\ReadHtmlCacheBehavior [ RunTime:0.001203s ]
INFO: [ app_begin ] --END-- [ RunTime:0.001283s ]
INFO: [ view_parse ] --START--
INFO: [ template_filter ] --START--
INFO: Run Behavior\ContentReplaceBehavior [ RunTime:0.000830s ]
INFO: [ template_filter ] --END-- [ RunTime:0.000861s ]
INFO: Run Behavior\ParseTemplateBehavior [ RunTime:0.021011s ]
INFO: [ view_parse ] --END-- [ RunTime:0.021048s ]
INFO: [ view_filter ] --START--
INFO: Run Behavior\WriteHtmlCacheBehavior [ RunTime:0.003339s ]
INFO: [ view_filter ] --END-- [ RunTime:0.003380s ]
INFO: [ app_end ] --START--
INFO: Run Behavior\ShowPageTraceBehavior [ RunTime:0.001780s ]
INFO: [ app_end ] --END-- [ RunTime:0.001830s ]

[ 2020-07-21T14:03:05+08:00 ] 127.0.0.1 /Evo/xxjzWeb-master/index.php?s=/Home/Login/index.html
INFO: [ app_init ] --START--
INFO: Run Behavior\BuildLiteBehavior [ RunTime:0.000016s ]
INFO: [ app_init ] --END-- [ RunTime:0.000885s ]
INFO: [ app_begin ] --START--
INFO: Run Behavior\ReadHtmlCacheBehavior [ RunTime:0.000944s ]
INFO: [ app_begin ] --END-- [ RunTime:0.000980s ]
SQL: SHOW COLUMNS FROM `xxjzuser` [ RunTime:0.0312s ]
SQL: SELECT * FROM `xxjzuser` WHERE `username` = 'admin' LIMIT 1   [ RunTime:0.0030s ]
NOTIC: [2] unlink(./Application/Runtime/Temp/3432100d141a8b7708db09ea64cbd646.php): No such file or directory Z:\xampp\htdocs\Evo\xxjzWeb-master\ThinkPHP\Library\Think\Cache\Driver\File.class.php 第 157 行.
NOTIC: [2] unlink(./Application/Runtime/Temp/d3a8dfbd3121b4a3ceabea32ea538d10.php): No such file or directory Z:\xampp\htdocs\Evo\xxjzWeb-master\ThinkPHP\Library\Think\Cache\Driver\File.class.php 第 157 行.
NOTIC: [2] unlink(./Application/Runtime/Temp/e9c1b81678e0cb7d74bbb28751073562.php): No such file or directory Z:\xampp\htdocs\Evo\xxjzWeb-master\ThinkPHP\Library\Think\Cache\Driver\File.class.php 第 157 行.
NOTIC: [2] unlink(./Application/Runtime/Temp/51f25d28109783f5a017e7a8195d9203.php): No such file or directory Z:\xampp\htdocs\Evo\xxjzWeb-master\ThinkPHP\Library\Think\Cache\Driver\File.class.php 第 157 行.
NOTIC: [2] unlink(./Application/Runtime/Temp/0d7c4e7978b48e6ff322d7df1c99011a.php): No such file or directory Z:\xampp\htdocs\Evo\xxjzWeb-master\ThinkPHP\Library\Think\Cache\Driver\File.class.php 第 157 行.
NOTIC: [2] unlink(./Application/Runtime/Temp/db109f8b299b6bb900d9b4d53fc91ebc.php): No such file or directory Z:\xampp\htdocs\Evo\xxjzWeb-master\ThinkPHP\Library\Think\Cache\Driver\File.class.php 第 157 行.
NOTIC: [2] unlink(./Application/Runtime/Temp/5469c0033ebe75231356816c1c5608ef.php): No such file or directory Z:\xampp\htdocs\Evo\xxjzWeb-master\ThinkPHP\Library\Think\Cache\Driver\File.class.php 第 157 行.
NOTIC: [2] unlink(./Application/Runtime/Temp/0a5073c44df96476d2b9454fc2fc9006.php): No such file or directory Z:\xampp\htdocs\Evo\xxjzWeb-master\ThinkPHP\Library\Think\Cache\Driver\File.class.php 第 157 行.
NOTIC: [2] unlink(./Application/Runtime/Temp/25b836c4b97d69ef97a9ba2119f6ce1c.php): No such file or directory Z:\xampp\htdocs\Evo\xxjzWeb-master\ThinkPHP\Library\Think\Cache\Driver\File.class.php 第 157 行.
NOTIC: [2] unlink(./Application/Runtime/Temp/d08d9752770fa51261511f0be3e9801c.php): No such file or directory Z:\xampp\htdocs\Evo\xxjzWeb-master\ThinkPHP\Library\Think\Cache\Driver\File.class.php 第 157 行.
NOTIC: [2] unlink(./Application/Runtime/Temp/017e30ffba9d7590e7ed66bb780298ca.php): No such file or directory Z:\xampp\htdocs\Evo\xxjzWeb-master\ThinkPHP\Library\Think\Cache\Driver\File.class.php 第 157 行.
NOTIC: [2] unlink(./Application/Runtime/Temp/473015e926deccb8d3f0f62c5f1fab7a.php): No such file or directory Z:\xampp\htdocs\Evo\xxjzWeb-master\ThinkPHP\Library\Think\Cache\Driver\File.class.php 第 157 行.
NOTIC: [2] unlink(./Application/Runtime/Temp/39551e7974c4a6d8ce441728f1098ef2.php): No such file or directory Z:\xampp\htdocs\Evo\xxjzWeb-master\ThinkPHP\Library\Think\Cache\Driver\File.class.php 第 157 行.
NOTIC: [2] unlink(./Application/Runtime/Temp/f60e67711592bb779553190b81e3f2be.php): No such file or directory Z:\xampp\htdocs\Evo\xxjzWeb-master\ThinkPHP\Library\Think\Cache\Driver\File.class.php 第 157 行.

[ 2020-07-21T14:03:06+08:00 ] 127.0.0.1 /Evo/xxjzWeb-master/index.php?s=/Home/Index/index.html
INFO: [ app_init ] --START--
INFO: Run Behavior\BuildLiteBehavior [ RunTime:0.000027s ]
INFO: [ app_init ] --END-- [ RunTime:0.000941s ]
INFO: [ app_begin ] --START--
INFO: Run Behavior\ReadHtmlCacheBehavior [ RunTime:0.001314s ]
INFO: [ app_begin ] --END-- [ RunTime:0.001359s ]
SQL: SHOW COLUMNS FROM `xxjzuser` [ RunTime:0.0033s ]
SQL: SELECT `password` FROM `xxjzuser` WHERE `username` = 'admin' LIMIT 1   [ RunTime:0.0008s ]
SQL: SHOW COLUMNS FROM `xxjzaccount` [ RunTime:0.0048s ]
NOTIC: [8] Undefined index: fid Z:\xampp\htdocs\Evo\xxjzWeb-master\Application\Home\Common\function.php 第 1363 行.
NOTIC: [8] Undefined index: acremark Z:\xampp\htdocs\Evo\xxjzWeb-master\Application\Home\Common\function.php 第 1366 行.
NOTIC: [8] Undefined index: starttime Z:\xampp\htdocs\Evo\xxjzWeb-master\Application\Home\Common\function.php 第 1369 行.
NOTIC: [8] Undefined index: endtime Z:\xampp\htdocs\Evo\xxjzWeb-master\Application\Home\Common\function.php 第 1373 行.
NOTIC: [8] Undefined index: acclassid Z:\xampp\htdocs\Evo\xxjzWeb-master\Application\Home\Common\function.php 第 1382 行.
NOTIC: [8] Undefined index: zhifu Z:\xampp\htdocs\Evo\xxjzWeb-master\Application\Home\Common\function.php 第 1385 行.
SQL: SELECT COUNT(*) AS tp_count FROM `xxjzaccount` WHERE `jiid` = 1 LIMIT 1   [ RunTime:0.0007s ]
NOTIC: [8] Undefined index: acremark Z:\xampp\htdocs\Evo\xxjzWeb-master\Application\Home\Common\function.php 第 1322 行.
NOTIC: [8] Undefined index: starttime Z:\xampp\htdocs\Evo\xxjzWeb-master\Application\Home\Common\function.php 第 1325 行.
NOTIC: [8] Undefined index: endtime Z:\xampp\htdocs\Evo\xxjzWeb-master\Application\Home\Common\function.php 第 1329 行.
SQL: SHOW COLUMNS FROM `xxjzaccount_transfer` [ RunTime:0.0061s ]
NOTIC: [8] Undefined index: fid Z:\xampp\htdocs\Evo\xxjzWeb-master\Application\Home\Common\function.php 第 1341 行.
SQL: SELECT COUNT(*) AS tp_count FROM xxjzaccount_transfer transfer LEFT JOIN xxjzaccount_funds AS funds ON funds.fundsid = transfer.source_fid  WHERE transfer.uid = '1' AND transfer.source_fid <> 0 LIMIT 1   [ RunTime:0.0035s ]
NOTIC: [8] Undefined index: acremark Z:\xampp\htdocs\Evo\xxjzWeb-master\Application\Home\Common\function.php 第 1322 行.
NOTIC: [8] Undefined index: starttime Z:\xampp\htdocs\Evo\xxjzWeb-master\Application\Home\Common\function.php 第 1325 行.
NOTIC: [8] Undefined index: endtime Z:\xampp\htdocs\Evo\xxjzWeb-master\Application\Home\Common\function.php 第 1329 行.
NOTIC: [8] Undefined index: fid Z:\xampp\htdocs\Evo\xxjzWeb-master\Application\Home\Common\function.php 第 1349 行.
SQL: SELECT COUNT(*) AS tp_count FROM xxjzaccount_transfer transfer LEFT JOIN xxjzaccount_funds AS funds ON funds.fundsid = transfer.target_fid  WHERE transfer.uid = '1' AND transfer.source_fid <> 0 LIMIT 1   [ RunTime:0.0003s ]
NOTIC: [8] Undefined index: zhifu Z:\xampp\htdocs\Evo\xxjzWeb-master\Application\Home\Common\function.php 第 1415 行.
NOTIC: [8] Undefined index: zhifu Z:\xampp\htdocs\Evo\xxjzWeb-master\Application\Home\Common\function.php 第 1417 行.
NOTIC: [8] Undefined index: fid Z:\xampp\htdocs\Evo\xxjzWeb-master\Application\Home\Common\function.php 第 335 行.
NOTIC: [8] Undefined index: acid Z:\xampp\htdocs\Evo\xxjzWeb-master\Application\Home\Common\function.php 第 338 行.
NOTIC: [8] Undefined index: acremark Z:\xampp\htdocs\Evo\xxjzWeb-master\Application\Home\Common\function.php 第 344 行.
NOTIC: [8] Undefined index: starttime Z:\xampp\htdocs\Evo\xxjzWeb-master\Application\Home\Common\function.php 第 347 行.
NOTIC: [8] Undefined index: endtime Z:\xampp\htdocs\Evo\xxjzWeb-master\Application\Home\Common\function.php 第 351 行.
NOTIC: [8] Undefined index: acclassid Z:\xampp\htdocs\Evo\xxjzWeb-master\Application\Home\Common\function.php 第 360 行.
SQL: SELECT SUM(acmoney) AS tp_Sum FROM `xxjzaccount` WHERE `jiid` = 1 AND `zhifu` = 1 LIMIT 1   [ RunTime:0.0003s ]
NOTIC: [8] Undefined index: fid Z:\xampp\htdocs\Evo\xxjzWeb-master\Application\Home\Common\function.php 第 335 行.
NOTIC: [8] Undefined index: acid Z:\xampp\htdocs\Evo\xxjzWeb-master\Application\Home\Common\function.php 第 338 行.
NOTIC: [8] Undefined index: acremark Z:\xampp\htdocs\Evo\xxjzWeb-master\Application\Home\Common\function.php 第 344 行.
NOTIC: [8] Undefined index: starttime Z:\xampp\htdocs\Evo\xxjzWeb-master\Application\Home\Common\function.php 第 347 行.
NOTIC: [8] Undefined index: endtime Z:\xampp\htdocs\Evo\xxjzWeb-master\Application\Home\Common\function.php 第 351 行.
NOTIC: [8] Undefined index: acclassid Z:\xampp\htdocs\Evo\xxjzWeb-master\Application\Home\Common\function.php 第 360 行.
SQL: SELECT SUM(acmoney) AS tp_Sum FROM `xxjzaccount` WHERE `jiid` = 1 AND `zhifu` = 2 LIMIT 1   [ RunTime:0.0005s ]
NOTIC: [8] Undefined index: acremark Z:\xampp\htdocs\Evo\xxjzWeb-master\Application\Home\Common\function.php 第 1322 行.
NOTIC: [8] Undefined index: starttime Z:\xampp\htdocs\Evo\xxjzWeb-master\Application\Home\Common\function.php 第 1325 行.
NOTIC: [8] Undefined index: endtime Z:\xampp\htdocs\Evo\xxjzWeb-master\Application\Home\Common\function.php 第 1329 行.
NOTIC: [8] Undefined index: fid Z:\xampp\htdocs\Evo\xxjzWeb-master\Application\Home\Common\function.php 第 1341 行.
NOTIC: [8] Undefined index: acremark Z:\xampp\htdocs\Evo\xxjzWeb-master\Application\Home\Common\function.php 第 1322 行.
NOTIC: [8] Undefined index: starttime Z:\xampp\htdocs\Evo\xxjzWeb-master\Application\Home\Common\function.php 第 1325 行.
NOTIC: [8] Undefined index: endtime Z:\xampp\htdocs\Evo\xxjzWeb-master\Application\Home\Common\function.php 第 1329 行.
NOTIC: [8] Undefined index: fid Z:\xampp\htdocs\Evo\xxjzWeb-master\Application\Home\Common\function.php 第 1349 行.
NOTIC: [8] Undefined index: fid Z:\xampp\htdocs\Evo\xxjzWeb-master\Application\Home\Common\function.php 第 1363 行.
NOTIC: [8] Undefined index: acremark Z:\xampp\htdocs\Evo\xxjzWeb-master\Application\Home\Common\function.php 第 1366 行.
NOTIC: [8] Undefined index: starttime Z:\xampp\htdocs\Evo\xxjzWeb-master\Application\Home\Common\function.php 第 1369 行.
NOTIC: [8] Undefined index: endtime Z:\xampp\htdocs\Evo\xxjzWeb-master\Application\Home\Common\function.php 第 1373 行.
NOTIC: [8] Undefined index: acclassid Z:\xampp\htdocs\Evo\xxjzWeb-master\Application\Home\Common\function.php 第 1382 行.
NOTIC: [8] Undefined index: zhifu Z:\xampp\htdocs\Evo\xxjzWeb-master\Application\Home\Common\function.php 第 1385 行.
SQL: SELECT account.acid as id,account.acmoney as money,account.acclassid as classid,class.classname as class,account.acremark as mark,account.actime as time,account.zhifu as typeid,case account.zhifu when 1 then '收入'  when 2 then '支出' end as type,account.fid as fundsid,funds.fundsname as funds,account.jiid as uid FROM xxjzaccount account LEFT JOIN xxjzaccount_funds AS funds ON funds.fundsid = account.fid LEFT JOIN xxjzaccount_class AS class ON class.classid = account.acclassid  WHERE account.jiid = '1' UNION SELECT transfer.tid,transfer.money,0,'转账',transfer.mark,transfer.time,2,'支出',transfer.source_fid,funds.fundsname as funds,transfer.uid FROM xxjzaccount_transfer transfer LEFT JOIN xxjzaccount_funds AS funds ON funds.fundsid = transfer.source_fid  WHERE transfer.uid = '1' AND transfer.source_fid <> 0  UNION SELECT transfer.tid,transfer.money,0,'转账',transfer.mark,transfer.time,1,'收入',transfer.target_fid,funds.fundsname as funds,transfer.uid FROM xxjzaccount_transfer transfer LEFT JOIN xxjzaccount_funds AS funds ON funds.fundsid = transfer.target_fid  WHERE transfer.uid = '1' AND transfer.source_fid <> 0  ORDER BY time DESC, id DESC LIMIT 0,15 [ RunTime:0.0041s ]
SQL: SELECT SUM(acmoney) AS tp_Sum FROM `xxjzaccount` WHERE ( actime >= 1595260800 and actime <= 1595347199 and jiid = '1' and zhifu = '1' ) LIMIT 1   [ RunTime:0.0003s ]
SQL: SELECT SUM(acmoney) AS tp_Sum FROM `xxjzaccount` WHERE ( actime >= 1595260800 and actime <= 1595347199 and jiid = '1' and zhifu = '2' ) LIMIT 1   [ RunTime:0.0002s ]
SQL: SELECT SUM(acmoney) AS tp_Sum FROM `xxjzaccount` WHERE ( actime >= 1593532800 and actime <= 1596124800 and jiid = '1' and zhifu = '1' ) LIMIT 1   [ RunTime:0.0002s ]
SQL: SELECT SUM(acmoney) AS tp_Sum FROM `xxjzaccount` WHERE ( actime >= 1593532800 and actime <= 1596124800 and jiid = '1' and zhifu = '2' ) LIMIT 1   [ RunTime:0.0002s ]
SQL: SELECT SUM(acmoney) AS tp_Sum FROM `xxjzaccount` WHERE ( actime >= 1577808000 and actime <= 1609344000 and jiid = '1' and zhifu = '1' ) LIMIT 1   [ RunTime:0.0003s ]
SQL: SELECT SUM(acmoney) AS tp_Sum FROM `xxjzaccount` WHERE ( actime >= 1577808000 and actime <= 1609344000 and jiid = '1' and zhifu = '2' ) LIMIT 1   [ RunTime:0.0002s ]
SQL: SELECT SUM(acmoney) AS tp_Sum FROM `xxjzaccount` WHERE ( actime >= 1594656000 and actime <= 1595347199 and jiid = '1' and zhifu = '1' ) LIMIT 1   [ RunTime:0.0002s ]
SQL: SELECT SUM(acmoney) AS tp_Sum FROM `xxjzaccount` WHERE ( actime >= 1594656000 and actime <= 1595347199 and jiid = '1' and zhifu = '2' ) LIMIT 1   [ RunTime:0.0002s ]
SQL: SELECT SUM(acmoney) AS tp_Sum FROM `xxjzaccount` WHERE ( actime >= 1592755200 and actime <= 1595347199 and jiid = '1' and zhifu = '1' ) LIMIT 1   [ RunTime:0.0003s ]
SQL: SELECT SUM(acmoney) AS tp_Sum FROM `xxjzaccount` WHERE ( actime >= 1592755200 and actime <= 1595347199 and jiid = '1' and zhifu = '2' ) LIMIT 1   [ RunTime:0.0002s ]
SQL: SELECT SUM(acmoney) AS tp_Sum FROM `xxjzaccount` WHERE ( actime >= 1590076800 and actime <= 1595347199 and jiid = '1' and zhifu = '1' ) LIMIT 1   [ RunTime:0.0006s ]
SQL: SELECT SUM(acmoney) AS tp_Sum FROM `xxjzaccount` WHERE ( actime >= 1590076800 and actime <= 1595347199 and jiid = '1' and zhifu = '2' ) LIMIT 1   [ RunTime:0.0006s ]
SQL: SELECT SUM(acmoney) AS tp_Sum FROM `xxjzaccount` WHERE ( actime >= 1587484800 and actime <= 1595347199 and jiid = '1' and zhifu = '1' ) LIMIT 1   [ RunTime:0.0007s ]
SQL: SELECT SUM(acmoney) AS tp_Sum FROM `xxjzaccount` WHERE ( actime >= 1587484800 and actime <= 1595347199 and jiid = '1' and zhifu = '2' ) LIMIT 1   [ RunTime:0.0007s ]
SQL: SELECT SUM(acmoney) AS tp_Sum FROM `xxjzaccount` WHERE ( actime >= 1579622400 and actime <= 1595347199 and jiid = '1' and zhifu = '1' ) LIMIT 1   [ RunTime:0.0003s ]
SQL: SELECT SUM(acmoney) AS tp_Sum FROM `xxjzaccount` WHERE ( actime >= 1579622400 and actime <= 1595347199 and jiid = '1' and zhifu = '2' ) LIMIT 1   [ RunTime:0.0002s ]
SQL: SELECT SUM(acmoney) AS tp_Sum FROM `xxjzaccount` WHERE ( actime >= 1563724800 and actime <= 1595347199 and jiid = '1' and zhifu = '1' ) LIMIT 1   [ RunTime:0.0002s ]
SQL: SELECT SUM(acmoney) AS tp_Sum FROM `xxjzaccount` WHERE ( actime >= 1563724800 and actime <= 1595347199 and jiid = '1' and zhifu = '2' ) LIMIT 1   [ RunTime:0.0003s ]
SQL: SELECT SUM(acmoney) AS tp_Sum FROM `xxjzaccount` WHERE ( actime >= 1595174400 and actime <= 1595260799 and jiid = '1' and zhifu = '1' ) LIMIT 1   [ RunTime:0.0003s ]
SQL: SELECT SUM(acmoney) AS tp_Sum FROM `xxjzaccount` WHERE ( actime >= 1595174400 and actime <= 1595260799 and jiid = '1' and zhifu = '2' ) LIMIT 1   [ RunTime:0.0003s ]
SQL: SELECT SUM(acmoney) AS tp_Sum FROM `xxjzaccount` WHERE ( actime >= 1590940800 and actime <= 1593532799 and jiid = '1' and zhifu = '1' ) LIMIT 1   [ RunTime:0.0002s ]
SQL: SELECT SUM(acmoney) AS tp_Sum FROM `xxjzaccount` WHERE ( actime >= 1590940800 and actime <= 1593532799 and jiid = '1' and zhifu = '2' ) LIMIT 1   [ RunTime:0.0002s ]
SQL: SELECT SUM(acmoney) AS tp_Sum FROM `xxjzaccount` WHERE ( actime >= 1546272000 and actime <= 1577721600 and jiid = '1' and zhifu = '1' ) LIMIT 1   [ RunTime:0.0002s ]
SQL: SELECT SUM(acmoney) AS tp_Sum FROM `xxjzaccount` WHERE ( actime >= 1546272000 and actime <= 1577721600 and jiid = '1' and zhifu = '2' ) LIMIT 1   [ RunTime:0.0002s ]
SQL: SELECT SUM(acmoney) AS tp_Sum FROM `xxjzaccount` WHERE ( jiid = '1' and zhifu = '1' ) LIMIT 1   [ RunTime:0.0002s ]
SQL: SELECT SUM(acmoney) AS tp_Sum FROM `xxjzaccount` WHERE ( jiid = '1' and zhifu = '2' ) LIMIT 1   [ RunTime:0.0001s ]
INFO: [ view_parse ] --START--
INFO: [ template_filter ] --START--
INFO: Run Behavior\ContentReplaceBehavior [ RunTime:0.000126s ]
INFO: [ template_filter ] --END-- [ RunTime:0.000177s ]
INFO: Run Behavior\ParseTemplateBehavior [ RunTime:0.024685s ]
INFO: [ view_parse ] --END-- [ RunTime:0.024750s ]
INFO: [ view_filter ] --START--
INFO: Run Behavior\WriteHtmlCacheBehavior [ RunTime:0.004371s ]
INFO: [ view_filter ] --END-- [ RunTime:0.004426s ]
INFO: [ app_end ] --START--
INFO: Run Behavior\ShowPageTraceBehavior [ RunTime:0.001705s ]
INFO: [ app_end ] --END-- [ RunTime:0.001841s ]

[ 2020-07-21T14:04:23+08:00 ] 127.0.0.1 /Evo/xxjzWeb-master/index.php?s=/Home/Add/index
INFO: [ app_init ] --START--
INFO: Run Behavior\BuildLiteBehavior [ RunTime:0.000010s ]
INFO: [ app_init ] --END-- [ RunTime:0.000666s ]
INFO: [ app_begin ] --START--
INFO: Run Behavior\ReadHtmlCacheBehavior [ RunTime:0.001246s ]
INFO: [ app_begin ] --END-- [ RunTime:0.001296s ]
SQL: SHOW COLUMNS FROM `xxjzuser` [ RunTime:0.0039s ]
SQL: SHOW COLUMNS FROM `xxjzaccount_funds` [ RunTime:0.0031s ]
SQL: SELECT COUNT(*) AS tp_count FROM `xxjzaccount_funds` WHERE `uid` = 1 LIMIT 1   [ RunTime:0.0002s ]
SQL: SHOW COLUMNS FROM `xxjzaccount` [ RunTime:0.0041s ]
SQL: SELECT COUNT(acmoney) AS tp_count FROM `xxjzaccount` WHERE `fid` = -1 AND `jiid` = 1 LIMIT 1   [ RunTime:0.0008s ]
SQL: SELECT SUM(acmoney) AS tp_sum FROM `xxjzaccount` WHERE `fid` = -1 AND `jiid` = 1 AND `zhifu` = 1 LIMIT 1   [ RunTime:0.0002s ]
SQL: SELECT SUM(acmoney) AS tp_sum FROM `xxjzaccount` WHERE `fid` = -1 AND `jiid` = 1 AND `zhifu` = 2 LIMIT 1   [ RunTime:0.0003s ]
SQL: SELECT * FROM `xxjzaccount_funds` WHERE `uid` = 1 ORDER BY sort,fundsid  [ RunTime:0.0002s ]
NOTIC: [2] Use of undefined constant id - assumed 'id' (this will throw an Error in a future version of PHP) Z:\xampp\htdocs\Evo\xxjzWeb-master\Application\Home\Controller\AddController.class.php 第 34 行.
NOTIC: [2] Use of undefined constant name - assumed 'name' (this will throw an Error in a future version of PHP) Z:\xampp\htdocs\Evo\xxjzWeb-master\Application\Home\Controller\AddController.class.php 第 34 行.
SQL: SHOW COLUMNS FROM `xxjzaccount_class` [ RunTime:0.0038s ]
SQL: SELECT * FROM `xxjzaccount_class` WHERE `ufid` = 1 AND `classtype` = 1 ORDER BY sort,classid  [ RunTime:0.0003s ]
NOTIC: [8] Undefined variable: ret Z:\xampp\htdocs\Evo\xxjzWeb-master\Application\Home\Common\function.php 第 480 行.
SQL: SELECT * FROM `xxjzaccount_class` WHERE `ufid` = 1 AND `classtype` = 2 ORDER BY sort,classid  [ RunTime:0.0003s ]
NOTIC: [8] Undefined variable: ret Z:\xampp\htdocs\Evo\xxjzWeb-master\Application\Home\Common\function.php 第 480 行.
NOTIC: [2] Use of undefined constant url - assumed 'url' (this will throw an Error in a future version of PHP) Z:\xampp\htdocs\Evo\xxjzWeb-master\Application\Home\Common\function.php 第 228 行.
NOTIC: [2] array_key_exists() expects parameter 2 to be array, boolean given Z:\xampp\htdocs\Evo\xxjzWeb-master\Application\Home\Common\function.php 第 410 行.
SQL: SELECT COUNT(*) AS tp_count FROM `xxjzaccount` WHERE ( jiid='1' ) LIMIT 1   [ RunTime:0.0002s ]
SQL: SELECT * FROM `xxjzaccount` WHERE ( jiid='1' ) ORDER BY actime DESC , acid DESC LIMIT 0,15   [ RunTime:0.0002s ]
SQL: SELECT * FROM `xxjzaccount_class` WHERE `ufid` = 1 ORDER BY sort,classid  [ RunTime:0.0002s ]
NOTIC: [8] Undefined variable: ret Z:\xampp\htdocs\Evo\xxjzWeb-master\Application\Home\Common\function.php 第 480 行.
INFO: [ view_parse ] --START--
INFO: [ template_filter ] --START--
INFO: Run Behavior\ContentReplaceBehavior [ RunTime:0.000124s ]
INFO: [ template_filter ] --END-- [ RunTime:0.000151s ]
NOTIC: [8] Undefined variable: PushAdminUrl Z:\xampp\htdocs\Evo\xxjzWeb-master\Application\Runtime\Cache\Home\3d1214f3917c8bd97f5b96ee323c79a9.php 第 90 行.
NOTIC: [8] Undefined variable: PageMax Z:\xampp\htdocs\Evo\xxjzWeb-master\Application\Runtime\Cache\Home\3d1214f3917c8bd97f5b96ee323c79a9.php 第 341 行.
NOTIC: [8] Undefined variable: PageMax Z:\xampp\htdocs\Evo\xxjzWeb-master\Application\Runtime\Cache\Home\3d1214f3917c8bd97f5b96ee323c79a9.php 第 361 行.
INFO: Run Behavior\ParseTemplateBehavior [ RunTime:0.014808s ]
INFO: [ view_parse ] --END-- [ RunTime:0.014840s ]
INFO: [ view_filter ] --START--
INFO: Run Behavior\WriteHtmlCacheBehavior [ RunTime:0.000623s ]
INFO: [ view_filter ] --END-- [ RunTime:0.000653s ]
INFO: [ app_end ] --START--
INFO: Run Behavior\ShowPageTraceBehavior [ RunTime:0.001222s ]
INFO: [ app_end ] --END-- [ RunTime:0.001412s ]

[ 2020-07-21T14:04:28+08:00 ] 127.0.0.1 /Evo/xxjzWeb-master/index.php?s=/Home/Class/index.html
INFO: [ app_init ] --START--
INFO: Run Behavior\BuildLiteBehavior [ RunTime:0.000015s ]
INFO: [ app_init ] --END-- [ RunTime:0.000878s ]
INFO: [ app_begin ] --START--
INFO: Run Behavior\ReadHtmlCacheBehavior [ RunTime:0.001234s ]
INFO: [ app_begin ] --END-- [ RunTime:0.001287s ]
SQL: SHOW COLUMNS FROM `xxjzuser` [ RunTime:0.0072s ]
SQL: SHOW COLUMNS FROM `xxjzaccount_class` [ RunTime:0.0053s ]
NOTIC: [8] Undefined variable: ret Z:\xampp\htdocs\Evo\xxjzWeb-master\Application\Home\Common\function.php 第 480 行.
NOTIC: [8] Undefined variable: ret Z:\xampp\htdocs\Evo\xxjzWeb-master\Application\Home\Common\function.php 第 480 行.
INFO: [ view_parse ] --START--
INFO: [ template_filter ] --START--
INFO: Run Behavior\ContentReplaceBehavior [ RunTime:0.000129s ]
INFO: [ template_filter ] --END-- [ RunTime:0.000179s ]
NOTIC: [8] Undefined variable: PushAdminUrl Z:\xampp\htdocs\Evo\xxjzWeb-master\Application\Runtime\Cache\Home\7fde59dcc6730b00f0ea2d8c62973961.php 第 90 行.
INFO: Run Behavior\ParseTemplateBehavior [ RunTime:0.014703s ]
INFO: [ view_parse ] --END-- [ RunTime:0.014739s ]
INFO: [ view_filter ] --START--
INFO: Run Behavior\WriteHtmlCacheBehavior [ RunTime:0.000750s ]
INFO: [ view_filter ] --END-- [ RunTime:0.000785s ]
INFO: [ app_end ] --START--
INFO: Run Behavior\ShowPageTraceBehavior [ RunTime:0.001072s ]
INFO: [ app_end ] --END-- [ RunTime:0.001119s ]

